    TRACE: /ButaneSplitter : cmdRun  (2020-03-01 13:02:34.958)
    TRACE: /ButaneSplitter/ProcessModel : cmdRun  (2020-03-01 13:02:34.994)
    TRACE: /ButaneSplitter/ProcessModel : Ack OK cmdRun  (2020-03-01 13:02:35.009)
    TRACE: /ButaneSplitter : cmdFreeze  (2020-03-01 13:03:45.403)
    TRACE: /ButaneSplitter/ProcessModel : cmdFreeze  (2020-03-01 13:03:45.405)
    TRACE: /ButaneSplitter/ProcessModel : Ack OK cmdFreeze  (2020-03-01 13:03:45.409)
    INFO: Partner application "/Explorers/MclManager_89" connected. (2020-03-01 13:04:21.607)
    INFO: Partner application "/Explorers/MclManager_89" disconnected. (2020-03-01 13:05:02.663)
    TRACE: /ButaneSplitter : cmdLoadFile ButaneSplitter (2020-03-01 13:05:07.873)
    INFO: /ButaneSplitter : Loading initial condition file "ButaneSplitter". (2020-03-01 13:05:07.887)
    TRACE: /ButaneSplitter : cmdLoadFile ButaneSplitter (2020-03-01 13:05:07.887)
    TRACE: /ButaneSplitter/ProcessModel : cmdLoadFile ButaneSplitter (2020-03-01 13:05:07.887)
    TRACE: /ButaneSplitter/ProcessModel : Ack OK cmdLoadFile  (2020-03-01 13:05:08.843)
    TRACE: /ButaneSplitter : cmdSpeed  (2020-03-01 13:05:08.843)
    TRACE: /ButaneSplitter/ProcessModel : cmdSpeed  (2020-03-01 13:05:09.007)
    TRACE: /ButaneSplitter/ProcessModel : Ack OK cmdSpeed  (2020-03-01 13:05:09.007)
    TRACE: /ButaneSplitter : cmdSetTime  (2020-03-01 13:05:09.007)
    TRACE: /ButaneSplitter/ProcessModel : cmdSetTime  (2020-03-01 13:05:09.007)
    TRACE: /ButaneSplitter/ProcessModel : Ack OK cmdSetTime  (2020-03-01 13:05:09.035)
    INFO: Partner application "/Explorers/Mcl_90" connected. (2020-03-01 13:05:22.534)
    INFO: Partner application "/Explorers/Mcl_90" disconnected. (2020-03-01 13:05:26.592)
    TRACE: /ButaneSplitter : cmdInitialize  (2020-03-01 13:05:51.245)
    TRACE: /ButaneSplitter/ProcessModel : cmdInitialize  (2020-03-01 13:05:51.259)
    TRACE: /ButaneSplitter/ProcessModel : Ack OK cmdInitialize  (2020-03-01 13:05:52.413)
    TRACE: /ButaneSplitter : cmdRun  (2020-03-01 13:05:52.413)
    TRACE: /ButaneSplitter/ProcessModel : cmdRun  (2020-03-01 13:05:52.427)
    TRACE: /ButaneSplitter/ProcessModel : Ack OK cmdRun  (2020-03-01 13:05:52.427)
    TRACE: /ButaneSplitter : cmdFreeze  (2020-03-01 13:06:15.167)
    TRACE: /ButaneSplitter/ProcessModel : cmdFreeze  (2020-03-01 13:06:15.167)
    TRACE: /ButaneSplitter/ProcessModel : Ack OK cmdFreeze  (2020-03-01 13:06:15.167)
    TRACE: /ButaneSplitter : cmdRun  (2020-03-01 13:06:20.755)
    TRACE: /ButaneSplitter/ProcessModel : cmdRun  (2020-03-01 13:06:20.755)
    TRACE: /ButaneSplitter/ProcessModel : Ack OK cmdRun  (2020-03-01 13:06:20.755)
    TRACE: /ButaneSplitter : cmdFreeze  (2020-03-01 13:06:33.828)
    TRACE: /ButaneSplitter/ProcessModel : cmdFreeze  (2020-03-01 13:06:33.828)
    TRACE: /ButaneSplitter/ProcessModel : Ack OK cmdFreeze  (2020-03-01 13:06:33.828)
    TRACE: /ButaneSplitter : cmdRun  (2020-03-01 13:06:55.931)
    TRACE: /ButaneSplitter/ProcessModel : cmdRun  (2020-03-01 13:06:55.948)
    TRACE: /ButaneSplitter/ProcessModel : Ack OK cmdRun  (2020-03-01 13:06:55.948)
    TRACE: /ButaneSplitter : cmdFreeze  (2020-03-01 13:07:05.779)
    TRACE: /ButaneSplitter/ProcessModel : cmdFreeze  (2020-03-01 13:07:05.797)
    TRACE: /ButaneSplitter/ProcessModel : Ack OK cmdFreeze  (2020-03-01 13:07:05.797)
    TRACE: /ButaneSplitter : cmdRun  (2020-03-01 13:07:18.645)
    TRACE: /ButaneSplitter/ProcessModel : cmdRun  (2020-03-01 13:07:18.662)
    TRACE: /ButaneSplitter/ProcessModel : Ack OK cmdRun  (2020-03-01 13:07:18.662)
    TRACE: /ButaneSplitter : cmdFreeze  (2020-03-01 13:07:20.483)
    TRACE: /ButaneSplitter/ProcessModel : cmdFreeze  (2020-03-01 13:07:20.483)
    TRACE: /ButaneSplitter/ProcessModel : Ack OK cmdFreeze  (2020-03-01 13:07:20.483)
    TRACE: /ButaneSplitter : cmdRun  (2020-03-01 13:07:21.649)
    TRACE: /ButaneSplitter/ProcessModel : cmdRun  (2020-03-01 13:07:21.649)
    TRACE: /ButaneSplitter/ProcessModel : Ack OK cmdRun  (2020-03-01 13:07:21.666)
    TRACE: /ButaneSplitter : cmdFreeze  (2020-03-01 13:07:22.753)
    TRACE: /ButaneSplitter/ProcessModel : cmdFreeze  (2020-03-01 13:07:22.753)
    TRACE: /ButaneSplitter/ProcessModel : Ack OK cmdFreeze  (2020-03-01 13:07:22.753)
    TRACE: /ButaneSplitter : cmdRun  (2020-03-01 13:07:35.153)
    TRACE: /ButaneSplitter/ProcessModel : cmdRun  (2020-03-01 13:07:35.153)
    TRACE: /ButaneSplitter/ProcessModel : Ack OK cmdRun  (2020-03-01 13:07:35.153)
    TRACE: /ButaneSplitter : cmdFreeze  (2020-03-01 13:07:46.775)
    TRACE: /ButaneSplitter/ProcessModel : cmdFreeze  (2020-03-01 13:07:46.775)
    TRACE: /ButaneSplitter/ProcessModel : Ack OK cmdFreeze  (2020-03-01 13:07:46.785)
    TRACE: /ButaneSplitter : cmdRun  (2020-03-01 13:07:53.319)
    TRACE: /ButaneSplitter/ProcessModel : cmdRun  (2020-03-01 13:07:53.319)
    TRACE: /ButaneSplitter/ProcessModel : Ack OK cmdRun  (2020-03-01 13:07:53.331)
    TRACE: /ButaneSplitter : cmdFreeze  (2020-03-01 13:08:05.081)
    TRACE: /ButaneSplitter/ProcessModel : cmdFreeze  (2020-03-01 13:08:05.095)
    TRACE: /ButaneSplitter/ProcessModel : Ack OK cmdFreeze  (2020-03-01 13:08:05.095)
    TRACE: /ButaneSplitter : cmdLoadFile ButaneSplitter (2020-03-01 14:37:05.665)
    INFO: /ButaneSplitter : Loading initial condition file "ButaneSplitter". (2020-03-01 14:37:05.665)
    TRACE: /ButaneSplitter : cmdLoadFile ButaneSplitter (2020-03-01 14:37:05.665)
    TRACE: /ButaneSplitter/ProcessModel : cmdLoadFile ButaneSplitter (2020-03-01 14:37:05.681)
    TRACE: /ButaneSplitter/ProcessModel : Ack OK cmdLoadFile  (2020-03-01 14:37:06.556)
    TRACE: /ButaneSplitter : cmdSpeed  (2020-03-01 14:37:06.556)
    TRACE: /ButaneSplitter/ProcessModel : cmdSpeed  (2020-03-01 14:37:06.556)
    TRACE: /ButaneSplitter/ProcessModel : Ack OK cmdSpeed  (2020-03-01 14:37:06.556)
    TRACE: /ButaneSplitter : cmdSetTime  (2020-03-01 14:37:06.572)
    TRACE: /ButaneSplitter/ProcessModel : cmdSetTime  (2020-03-01 14:37:06.572)
    TRACE: /ButaneSplitter/ProcessModel : Ack OK cmdSetTime  (2020-03-01 14:37:06.572)
    INFO: Partner application "/Explorers/Mcl_91" connected. (2020-03-01 14:37:12.666)
    INFO: Partner application "/Explorers/Mcl_91" disconnected. (2020-03-01 14:37:17.963)
    TRACE: /ButaneSplitter : cmdInitialize  (2020-03-01 14:37:44.549)
    TRACE: /ButaneSplitter/ProcessModel : cmdInitialize  (2020-03-01 14:37:44.564)
    TRACE: /ButaneSplitter/ProcessModel : Ack OK cmdInitialize  (2020-03-01 14:37:45.455)
    TRACE: /ButaneSplitter : cmdRun  (2020-03-01 14:37:45.469)
    TRACE: /ButaneSplitter/ProcessModel : cmdRun  (2020-03-01 14:37:45.470)
    TRACE: /ButaneSplitter/ProcessModel : Ack OK cmdRun  (2020-03-01 14:37:45.470)
    TRACE: /ButaneSplitter : cmdFreeze  (2020-03-01 14:38:16.378)
    TRACE: /ButaneSplitter/ProcessModel : cmdFreeze  (2020-03-01 14:38:16.393)
    TRACE: /ButaneSplitter/ProcessModel : Ack OK cmdFreeze  (2020-03-01 14:38:16.393)
    TRACE: /ButaneSplitter : cmdLoadFile ButaneSplitter (2020-03-01 14:39:08.000)
    INFO: /ButaneSplitter : Loading initial condition file "ButaneSplitter". (2020-03-01 14:39:08.000)
    TRACE: /ButaneSplitter : cmdLoadFile ButaneSplitter (2020-03-01 14:39:08.016)
    TRACE: /ButaneSplitter/ProcessModel : cmdLoadFile ButaneSplitter (2020-03-01 14:39:08.016)
    TRACE: /ButaneSplitter/ProcessModel : Ack OK cmdLoadFile  (2020-03-01 14:39:08.907)
    TRACE: /ButaneSplitter : cmdSpeed  (2020-03-01 14:39:08.922)
    TRACE: /ButaneSplitter/ProcessModel : cmdSpeed  (2020-03-01 14:39:08.922)
    TRACE: /ButaneSplitter/ProcessModel : Ack OK cmdSpeed  (2020-03-01 14:39:08.922)
    TRACE: /ButaneSplitter : cmdSetTime  (2020-03-01 14:39:08.969)
    TRACE: /ButaneSplitter/ProcessModel : cmdSetTime  (2020-03-01 14:39:08.969)
    TRACE: /ButaneSplitter/ProcessModel : Ack OK cmdSetTime  (2020-03-01 14:39:08.985)
    INFO: Partner application "/Explorers/Mcl_92" connected. (2020-03-01 14:39:12.032)
    INFO: Partner application "/Explorers/Mcl_92" disconnected. (2020-03-01 14:39:17.395)
    TRACE: /ButaneSplitter : cmdInitialize  (2020-03-01 14:39:23.660)
    TRACE: /ButaneSplitter/ProcessModel : cmdInitialize  (2020-03-01 14:39:23.667)
    TRACE: /ButaneSplitter/ProcessModel : Ack OK cmdInitialize  (2020-03-01 14:39:24.717)
    TRACE: /ButaneSplitter : cmdRun  (2020-03-01 14:39:24.717)
    TRACE: /ButaneSplitter/ProcessModel : cmdRun  (2020-03-01 14:39:24.729)
    TRACE: /ButaneSplitter/ProcessModel : Ack OK cmdRun  (2020-03-01 14:39:24.729)
    TRACE: /ButaneSplitter : cmdFreeze  (2020-03-01 14:41:28.575)
    TRACE: /ButaneSplitter/ProcessModel : cmdFreeze  (2020-03-01 14:41:28.575)
    TRACE: /ButaneSplitter/ProcessModel : Ack OK cmdFreeze  (2020-03-01 14:41:28.575)
    INFO: Partner application "/Explorers/Explorer_5" disconnected. (2020-03-01 15:38:13.868)
    TRACE: /ButaneSplitter : eventDeactivate  (2020-03-01 15:38:19.195)
    TRACE: /ButaneSplitter : cmdStop  (2020-03-01 15:38:19.209)
    TRACE: /ButaneSplitter/ProcessModel : cmdStop  (2020-03-01 15:38:19.209)
    INFO: Partner application "/ButaneSplitter/ProcessModel" disconnected. (2020-03-01 15:38:22.350)
    TRACE: /ButaneSplitter/ProcessModel : Ack OK cmdStop  (2020-03-01 15:38:23.694)
    INFO: Terminated /ButaneSplitter (2020-03-01 15:38:23.694)
    INFO: Opened project : ButaneSplitter (2020-03-02 12:55:42.943)
    INFO: Project directory : Z:\Prosjekt\TTK4210\ButaneSplitter (2020-03-02 12:55:42.976)
    TRACE: /ButaneSplitter : cmdStart  (2020-03-02 12:55:43.111)
    TRACE: /ButaneSplitter/ProcessModel : cmdStart  (2020-03-02 12:55:43.111)
    WARNING: An exception occurred while writing to the log database. Error with code 19: "FOREIGN KEY constraint failed: constraint failed". (2020-03-02 12:55:44.815)
    INFO: Partner application "/ButaneSplitter/ProcessModel" connected. (2020-03-02 12:55:51.614)
    TRACE: /ButaneSplitter/ProcessModel : Ack OK cmdStart  (2020-03-02 12:55:51.614)
    TRACE: /ButaneSplitter : cmdSetExecutionMode Engineering (2020-03-02 12:55:51.639)
    TRACE: /ButaneSplitter/ProcessModel : cmdSetExecutionMode Engineering (2020-03-02 12:55:51.639)
    TRACE: /ButaneSplitter/ProcessModel : Ack OK cmdSetExecutionMode  (2020-03-02 12:55:51.776)
    TRACE: /ButaneSplitter : cmdSetTime  (2020-03-02 12:55:51.776)
    TRACE: /ButaneSplitter/ProcessModel : cmdSetTime  (2020-03-02 12:55:51.791)
    TRACE: /ButaneSplitter/ProcessModel : Ack OK cmdSetTime  (2020-03-02 12:55:51.791)
    TRACE: /ButaneSplitter : cmdInitialize  (2020-03-02 12:55:51.804)
    TRACE: /ButaneSplitter/ProcessModel : cmdInitialize  (2020-03-02 12:55:51.804)
    TRACE: /ButaneSplitter/ProcessModel : Ack OK cmdInitialize  (2020-03-02 12:55:52.219)
    TRACE: /ButaneSplitter : cmdSetTime  (2020-03-02 12:55:52.219)
    TRACE: /ButaneSplitter/ProcessModel : cmdSetTime  (2020-03-02 12:55:52.219)
    TRACE: /ButaneSplitter/ProcessModel : Ack OK cmdSetTime  (2020-03-02 12:55:52.245)
    TRACE: /ButaneSplitter : cmdNotifyReloadStart  (2020-03-02 12:55:52.245)
    TRACE: /ButaneSplitter/ProcessModel : cmdNotifyReloadStart  (2020-03-02 12:55:52.258)
    TRACE: /ButaneSplitter/ProcessModel : Ack OK cmdNotifyReloadStart  (2020-03-02 12:55:52.258)
    INFO: /ButaneSplitter : Loading model file "ButaneSplitter". (2020-03-02 12:55:52.258)
    TRACE: /ButaneSplitter : cmdLoadFile ButaneSplitter (2020-03-02 12:55:52.258)
    TRACE: /ButaneSplitter/ProcessModel : cmdLoadFile ButaneSplitter (2020-03-02 12:55:52.272)
    INFO: Partner application "/Explorers/Explorer_4" connected. (2020-03-02 12:55:53.003)
    TRACE: /ButaneSplitter/ProcessModel : Ack OK cmdLoadFile  (2020-03-02 12:55:53.546)
    TRACE: /ButaneSplitter : cmdRequestNamespace  (2020-03-02 12:55:53.555)
    TRACE: /ButaneSplitter/ProcessModel : cmdRequestNamespace  (2020-03-02 12:55:53.555)
    TRACE: /ButaneSplitter/ProcessModel : Ack OK cmdRequestNamespace  (2020-03-02 12:55:53.588)
    TRACE: /ButaneSplitter : cmdUpdateNamespace  (2020-03-02 12:55:53.638)
    TRACE: /ButaneSplitter/ProcessModel : cmdUpdateNamespace  (2020-03-02 12:55:53.654)
    TRACE: /ButaneSplitter/ProcessModel : Ack OK cmdUpdateNamespace  (2020-03-02 12:55:53.654)
    TRACE: /ButaneSplitter : cmdNotifyReloadFinished  (2020-03-02 12:55:53.654)
    TRACE: /ButaneSplitter/ProcessModel : cmdNotifyReloadFinished  (2020-03-02 12:55:53.654)
    TRACE: /ButaneSplitter/ProcessModel : Ack OK cmdNotifyReloadFinished  (2020-03-02 12:55:53.665)
    INFO: /ButaneSplitter : Loading parameter file "ButaneSplitter". (2020-03-02 12:55:53.665)
    TRACE: /ButaneSplitter : cmdLoadFile ButaneSplitter (2020-03-02 12:55:53.665)
    TRACE: /ButaneSplitter/ProcessModel : cmdLoadFile ButaneSplitter (2020-03-02 12:55:53.665)
    INFO: Partner application "/Explorers/Explorer_4" disconnected. (2020-03-02 12:55:54.189)
    TRACE: /ButaneSplitter/ProcessModel : Ack OK cmdLoadFile  (2020-03-02 12:55:54.285)
    INFO: /ButaneSplitter : Loading initial condition file "ButaneSplitter". (2020-03-02 12:55:54.285)
    TRACE: /ButaneSplitter : cmdLoadFile ButaneSplitter (2020-03-02 12:55:54.285)
    TRACE: /ButaneSplitter/ProcessModel : cmdLoadFile ButaneSplitter (2020-03-02 12:55:54.285)
    TRACE: /ButaneSplitter/ProcessModel : Ack OK cmdLoadFile  (2020-03-02 12:55:56.271)
    TRACE: /ButaneSplitter : cmdSpeed  (2020-03-02 12:55:56.271)
    TRACE: /ButaneSplitter/ProcessModel : cmdSpeed  (2020-03-02 12:55:56.284)
    TRACE: /ButaneSplitter/ProcessModel : Ack OK cmdSpeed  (2020-03-02 12:55:56.284)
    TRACE: /ButaneSplitter : cmdSetTime  (2020-03-02 12:55:56.284)
    TRACE: /ButaneSplitter/ProcessModel : cmdSetTime  (2020-03-02 12:55:56.284)
    TRACE: /ButaneSplitter/ProcessModel : Ack OK cmdSetTime  (2020-03-02 12:55:56.297)
    TRACE: /ButaneSplitter : cmdCreateSubscriptions  (2020-03-02 12:55:56.297)
    TRACE: /ButaneSplitter/ProcessModel : cmdCreateSubscriptions  (2020-03-02 12:55:56.297)
    TRACE: /ButaneSplitter/ProcessModel : Ack OK cmdCreateSubscriptions  (2020-03-02 12:55:56.297)
    INFO: Partner application "/Explorers/Explorer_5" connected. (2020-03-02 12:55:59.418)
    TRACE: /ButaneSplitter : cmdLoadFile ButaneSplitter (2020-03-02 12:59:13.858)
    TRACE: /ButaneSplitter : cmdNotifyReloadStart  (2020-03-02 12:59:13.858)
    TRACE: /ButaneSplitter/ProcessModel : cmdNotifyReloadStart  (2020-03-02 12:59:13.874)
    TRACE: /ButaneSplitter/ProcessModel : Ack OK cmdNotifyReloadStart  (2020-03-02 12:59:13.874)
    INFO: /ButaneSplitter : Loading model file "ButaneSplitter". (2020-03-02 12:59:13.905)
    TRACE: /ButaneSplitter : cmdLoadFile ButaneSplitter (2020-03-02 12:59:13.905)
    TRACE: /ButaneSplitter/ProcessModel : cmdLoadFile ButaneSplitter (2020-03-02 12:59:13.905)
    TRACE: /ButaneSplitter/ProcessModel : Ack OK cmdLoadFile  (2020-03-02 12:59:15.671)
    TRACE: /ButaneSplitter : cmdRequestNamespace  (2020-03-02 12:59:15.671)
    TRACE: /ButaneSplitter/ProcessModel : cmdRequestNamespace  (2020-03-02 12:59:15.686)
    TRACE: /ButaneSplitter/ProcessModel : Ack OK cmdRequestNamespace  (2020-03-02 12:59:15.686)
    TRACE: /ButaneSplitter : cmdUpdateNamespace  (2020-03-02 12:59:15.702)
    TRACE: /ButaneSplitter/ProcessModel : cmdUpdateNamespace  (2020-03-02 12:59:15.733)
    TRACE: /ButaneSplitter/ProcessModel : Ack OK cmdUpdateNamespace  (2020-03-02 12:59:15.733)
    TRACE: /ButaneSplitter : cmdNotifyReloadFinished  (2020-03-02 12:59:15.749)
    TRACE: /ButaneSplitter/ProcessModel : cmdNotifyReloadFinished  (2020-03-02 12:59:15.749)
    TRACE: /ButaneSplitter/ProcessModel : Ack OK cmdNotifyReloadFinished  (2020-03-02 12:59:15.749)
    TRACE: /ButaneSplitter : cmdLoadFile ButaneSplitter (2020-03-02 12:59:15.765)
    INFO: /ButaneSplitter : Loading parameter file "ButaneSplitter". (2020-03-02 12:59:15.765)
    TRACE: /ButaneSplitter : cmdLoadFile ButaneSplitter (2020-03-02 12:59:15.765)
    TRACE: /ButaneSplitter/ProcessModel : cmdLoadFile ButaneSplitter (2020-03-02 12:59:15.765)
    TRACE: /ButaneSplitter : cmdLoadFile ButaneSplitter (2020-03-02 12:59:15.765)
    TRACE: /ButaneSplitter/ProcessModel : Ack OK cmdLoadFile  (2020-03-02 12:59:16.108)
    INFO: /ButaneSplitter : Loading initial condition file "ButaneSplitter". (2020-03-02 12:59:16.108)
    TRACE: /ButaneSplitter : cmdLoadFile ButaneSplitter (2020-03-02 12:59:16.108)
    TRACE: /ButaneSplitter/ProcessModel : cmdLoadFile ButaneSplitter (2020-03-02 12:59:16.124)
    TRACE: /ButaneSplitter/ProcessModel : Ack OK cmdLoadFile  (2020-03-02 12:59:17.062)
    TRACE: /ButaneSplitter : cmdSpeed  (2020-03-02 12:59:17.077)
    TRACE: /ButaneSplitter/ProcessModel : cmdSpeed  (2020-03-02 12:59:17.077)
    TRACE: /ButaneSplitter/ProcessModel : Ack OK cmdSpeed  (2020-03-02 12:59:17.077)
    TRACE: /ButaneSplitter : cmdSetTime  (2020-03-02 12:59:17.077)
    TRACE: /ButaneSplitter/ProcessModel : cmdSetTime  (2020-03-02 12:59:17.077)
    TRACE: /ButaneSplitter/ProcessModel : Ack OK cmdSetTime  (2020-03-02 12:59:17.077)
    TRACE: /ButaneSplitter : cmdCreateSubscriptions  (2020-03-02 12:59:17.092)
    TRACE: /ButaneSplitter/ProcessModel : cmdCreateSubscriptions  (2020-03-02 12:59:17.092)
    TRACE: /ButaneSplitter/ProcessModel : Ack OK cmdCreateSubscriptions  (2020-03-02 12:59:17.092)
    TRACE: /ButaneSplitter : cmdLoadFile ButaneSplitter (2020-03-02 13:05:23.437)
    INFO: /ButaneSplitter : Loading initial condition file "ButaneSplitter". (2020-03-02 13:05:23.437)
    TRACE: /ButaneSplitter : cmdLoadFile ButaneSplitter (2020-03-02 13:05:23.437)
    TRACE: /ButaneSplitter/ProcessModel : cmdLoadFile ButaneSplitter (2020-03-02 13:05:23.437)
    TRACE: /ButaneSplitter/ProcessModel : Ack OK cmdLoadFile  (2020-03-02 13:05:24.484)
    TRACE: /ButaneSplitter : cmdSpeed  (2020-03-02 13:05:24.484)
    TRACE: /ButaneSplitter/ProcessModel : cmdSpeed  (2020-03-02 13:05:24.499)
    TRACE: /ButaneSplitter/ProcessModel : Ack OK cmdSpeed  (2020-03-02 13:05:24.515)
    TRACE: /ButaneSplitter : cmdSetTime  (2020-03-02 13:05:24.515)
    TRACE: /ButaneSplitter/ProcessModel : cmdSetTime  (2020-03-02 13:05:24.515)
    TRACE: /ButaneSplitter/ProcessModel : Ack OK cmdSetTime  (2020-03-02 13:05:24.766)
    INFO: Partner application "/Explorers/Mcl_6" connected. (2020-03-02 13:05:35.702)
    INFO: Partner application "/Explorers/Mcl_6" disconnected. (2020-03-02 13:05:40.874)
    TRACE: /ButaneSplitter : cmdInitialize  (2020-03-02 13:05:54.417)
    TRACE: /ButaneSplitter/ProcessModel : cmdInitialize  (2020-03-02 13:05:54.433)
    TRACE: /ButaneSplitter/ProcessModel : Ack OK cmdInitialize  (2020-03-02 13:06:07.277)
    TRACE: /ButaneSplitter : cmdRun  (2020-03-02 13:06:07.277)
    TRACE: /ButaneSplitter/ProcessModel : cmdRun  (2020-03-02 13:06:07.277)
    TRACE: /ButaneSplitter/ProcessModel : Ack OK cmdRun  (2020-03-02 13:06:07.292)
    TRACE: /ButaneSplitter : cmdFreeze  (2020-03-02 13:06:09.120)
    TRACE: /ButaneSplitter/ProcessModel : cmdFreeze  (2020-03-02 13:06:09.120)
    TRACE: /ButaneSplitter/ProcessModel : Ack OK cmdFreeze  (2020-03-02 13:06:09.120)
    TRACE: /ButaneSplitter : cmdRun  (2020-03-02 13:06:21.021)
    TRACE: /ButaneSplitter/ProcessModel : cmdRun  (2020-03-02 13:06:21.026)
    TRACE: /ButaneSplitter/ProcessModel : Ack OK cmdRun  (2020-03-02 13:06:21.030)
    TRACE: /ButaneSplitter : cmdFreeze  (2020-03-02 13:11:46.823)
    TRACE: /ButaneSplitter/ProcessModel : cmdFreeze  (2020-03-02 13:11:46.823)
    TRACE: /ButaneSplitter/ProcessModel : Ack OK cmdFreeze  (2020-03-02 13:11:46.839)
    TRACE: /ButaneSplitter : cmdLoadFile ButaneSplitter (2020-03-02 13:13:30.010)
    INFO: /ButaneSplitter : Loading initial condition file "ButaneSplitter". (2020-03-02 13:13:30.010)
    TRACE: /ButaneSplitter : cmdLoadFile ButaneSplitter (2020-03-02 13:13:30.026)
    TRACE: /ButaneSplitter/ProcessModel : cmdLoadFile ButaneSplitter (2020-03-02 13:13:30.026)
    TRACE: /ButaneSplitter/ProcessModel : Ack OK cmdLoadFile  (2020-03-02 13:13:31.089)
    TRACE: /ButaneSplitter : cmdSpeed  (2020-03-02 13:13:31.104)
    TRACE: /ButaneSplitter/ProcessModel : cmdSpeed  (2020-03-02 13:13:31.104)
    TRACE: /ButaneSplitter/ProcessModel : Ack OK cmdSpeed  (2020-03-02 13:13:31.104)
    TRACE: /ButaneSplitter : cmdSetTime  (2020-03-02 13:13:31.125)
    TRACE: /ButaneSplitter/ProcessModel : cmdSetTime  (2020-03-02 13:13:31.125)
    TRACE: /ButaneSplitter/ProcessModel : Ack OK cmdSetTime  (2020-03-02 13:13:31.152)
    INFO: Partner application "/Explorers/MclManager_7" connected. (2020-03-02 13:16:15.371)
    INFO: Partner application "/Explorers/MclManager_7" disconnected. (2020-03-02 13:17:55.146)
    TRACE: /ButaneSplitter : cmdLoadFile ButaneSplitter (2020-03-02 13:18:13.839)
    INFO: /ButaneSplitter : Loading initial condition file "ButaneSplitter". (2020-03-02 13:18:13.839)
    TRACE: /ButaneSplitter : cmdLoadFile ButaneSplitter (2020-03-02 13:18:13.839)
    TRACE: /ButaneSplitter/ProcessModel : cmdLoadFile ButaneSplitter (2020-03-02 13:18:13.839)
    TRACE: /ButaneSplitter/ProcessModel : Ack OK cmdLoadFile  (2020-03-02 13:18:14.933)
    TRACE: /ButaneSplitter : cmdSpeed  (2020-03-02 13:18:14.949)
    TRACE: /ButaneSplitter/ProcessModel : cmdSpeed  (2020-03-02 13:18:14.964)
    TRACE: /ButaneSplitter/ProcessModel : Ack OK cmdSpeed  (2020-03-02 13:18:14.964)
    TRACE: /ButaneSplitter : cmdSetTime  (2020-03-02 13:18:14.964)
    TRACE: /ButaneSplitter/ProcessModel : cmdSetTime  (2020-03-02 13:18:14.980)
    TRACE: /ButaneSplitter/ProcessModel : Ack OK cmdSetTime  (2020-03-02 13:18:14.996)
    INFO: Partner application "/Explorers/Mcl_8" connected. (2020-03-02 13:18:17.558)
    INFO: Partner application "/Explorers/Mcl_8" disconnected. (2020-03-02 13:18:22.848)
    INFO: Partner application "/Explorers/Mcl_9" connected. (2020-03-02 13:23:19.118)
    TRACE: /ButaneSplitter : cmdInitialize  (2020-03-02 13:23:21.800)
    TRACE: /ButaneSplitter/ProcessModel : cmdInitialize  (2020-03-02 13:23:21.810)
    TRACE: /ButaneSplitter/ProcessModel : Ack OK cmdInitialize  (2020-03-02 13:23:22.810)
    TRACE: /ButaneSplitter : cmdRun  (2020-03-02 13:23:22.810)
    TRACE: /ButaneSplitter/ProcessModel : cmdRun  (2020-03-02 13:23:22.824)
    TRACE: /ButaneSplitter/ProcessModel : Ack OK cmdRun  (2020-03-02 13:23:22.824)
    INFO: Partner application "/Explorers/Mcl_9" disconnected. (2020-03-02 13:23:24.387)
    TRACE: /ButaneSplitter : cmdFreeze  (2020-03-02 13:23:58.353)
    TRACE: /ButaneSplitter/ProcessModel : cmdFreeze  (2020-03-02 13:23:58.353)
    TRACE: /ButaneSplitter/ProcessModel : Ack OK cmdFreeze  (2020-03-02 13:23:58.353)
    TRACE: /ButaneSplitter : cmdRun  (2020-03-02 13:29:43.460)
    TRACE: /ButaneSplitter/ProcessModel : cmdRun  (2020-03-02 13:29:43.476)
    TRACE: /ButaneSplitter/ProcessModel : Ack OK cmdRun  (2020-03-02 13:29:43.479)
    TRACE: /ButaneSplitter : cmdFreeze  (2020-03-02 13:31:35.515)
    TRACE: /ButaneSplitter/ProcessModel : cmdFreeze  (2020-03-02 13:31:35.515)
    TRACE: /ButaneSplitter/ProcessModel : Ack OK cmdFreeze  (2020-03-02 13:31:35.531)
    TRACE: /ButaneSplitter : cmdLoadFile ButaneSplitter (2020-03-02 13:31:38.969)
    INFO: /ButaneSplitter : Loading initial condition file "ButaneSplitter". (2020-03-02 13:31:38.969)
    TRACE: /ButaneSplitter : cmdLoadFile ButaneSplitter (2020-03-02 13:31:38.969)
    TRACE: /ButaneSplitter/ProcessModel : cmdLoadFile ButaneSplitter (2020-03-02 13:31:38.969)
    TRACE: /ButaneSplitter/ProcessModel : Ack OK cmdLoadFile  (2020-03-02 13:31:40.063)
    TRACE: /ButaneSplitter : cmdSpeed  (2020-03-02 13:31:40.063)
    TRACE: /ButaneSplitter/ProcessModel : cmdSpeed  (2020-03-02 13:31:40.078)
    TRACE: /ButaneSplitter/ProcessModel : Ack OK cmdSpeed  (2020-03-02 13:31:40.078)
    TRACE: /ButaneSplitter : cmdSetTime  (2020-03-02 13:31:40.078)
    TRACE: /ButaneSplitter/ProcessModel : cmdSetTime  (2020-03-02 13:31:40.078)
    TRACE: /ButaneSplitter/ProcessModel : Ack OK cmdSetTime  (2020-03-02 13:31:40.125)
    INFO: Partner application "/Explorers/Mcl_10" connected. (2020-03-02 13:31:44.781)
    INFO: Partner application "/Explorers/Mcl_10" disconnected. (2020-03-02 13:31:50.031)
    TRACE: /ButaneSplitter : cmdInitialize  (2020-03-02 13:38:20.331)
    TRACE: /ButaneSplitter/ProcessModel : cmdInitialize  (2020-03-02 13:38:20.346)
    TRACE: /ButaneSplitter/ProcessModel : Ack OK cmdInitialize  (2020-03-02 13:38:21.627)
    TRACE: /ButaneSplitter : cmdRun  (2020-03-02 13:38:21.627)
    TRACE: /ButaneSplitter/ProcessModel : cmdRun  (2020-03-02 13:38:21.645)
    TRACE: /ButaneSplitter/ProcessModel : Ack OK cmdRun  (2020-03-02 13:38:21.645)
    TRACE: /ButaneSplitter : cmdFreeze  (2020-03-02 13:40:43.885)
    TRACE: /ButaneSplitter/ProcessModel : cmdFreeze  (2020-03-02 13:40:43.885)
    TRACE: /ButaneSplitter/ProcessModel : Ack OK cmdFreeze  (2020-03-02 13:40:43.885)
    TRACE: /ButaneSplitter : cmdRun  (2020-03-02 13:44:06.016)
    TRACE: /ButaneSplitter/ProcessModel : cmdRun  (2020-03-02 13:44:06.031)
    TRACE: /ButaneSplitter/ProcessModel : Ack OK cmdRun  (2020-03-02 13:44:06.066)
    TRACE: /ButaneSplitter : cmdFreeze  (2020-03-02 13:44:34.447)
    TRACE: /ButaneSplitter/ProcessModel : cmdFreeze  (2020-03-02 13:44:34.447)
    TRACE: /ButaneSplitter/ProcessModel : Ack OK cmdFreeze  (2020-03-02 13:44:34.447)
    TRACE: /ButaneSplitter : cmdRun  (2020-03-02 13:44:45.292)
    TRACE: /ButaneSplitter/ProcessModel : cmdRun  (2020-03-02 13:44:45.304)
    TRACE: /ButaneSplitter/ProcessModel : Ack OK cmdRun  (2020-03-02 13:44:45.306)
    TRACE: /ButaneSplitter : cmdFreeze  (2020-03-02 13:45:21.338)
    TRACE: /ButaneSplitter/ProcessModel : cmdFreeze  (2020-03-02 13:45:21.353)
    TRACE: /ButaneSplitter/ProcessModel : Ack OK cmdFreeze  (2020-03-02 13:45:21.353)
    TRACE: /ButaneSplitter : cmdLoadFile ButaneSplitter (2020-03-02 13:45:26.150)
    INFO: /ButaneSplitter : Loading initial condition file "ButaneSplitter". (2020-03-02 13:45:26.150)
    TRACE: /ButaneSplitter : cmdLoadFile ButaneSplitter (2020-03-02 13:45:26.166)
    TRACE: /ButaneSplitter/ProcessModel : cmdLoadFile ButaneSplitter (2020-03-02 13:45:26.166)
    TRACE: /ButaneSplitter/ProcessModel : Ack OK cmdLoadFile  (2020-03-02 13:45:27.262)
    TRACE: /ButaneSplitter : cmdSpeed  (2020-03-02 13:45:27.262)
    TRACE: /ButaneSplitter/ProcessModel : cmdSpeed  (2020-03-02 13:45:27.494)
    TRACE: /ButaneSplitter/ProcessModel : Ack OK cmdSpeed  (2020-03-02 13:45:27.494)
    TRACE: /ButaneSplitter : cmdSetTime  (2020-03-02 13:45:27.494)
    TRACE: /ButaneSplitter/ProcessModel : cmdSetTime  (2020-03-02 13:45:27.510)
    TRACE: /ButaneSplitter/ProcessModel : Ack OK cmdSetTime  (2020-03-02 13:45:27.510)
    INFO: Partner application "/Explorers/Mcl_11" connected. (2020-03-02 13:45:30.260)
    INFO: Partner application "/Explorers/Mcl_11" disconnected. (2020-03-02 13:45:35.621)
    TRACE: /ButaneSplitter : cmdInitialize  (2020-03-02 13:45:55.546)
    TRACE: /ButaneSplitter/ProcessModel : cmdInitialize  (2020-03-02 13:45:55.562)
    TRACE: /ButaneSplitter/ProcessModel : Ack OK cmdInitialize  (2020-03-02 13:45:56.765)
    TRACE: /ButaneSplitter : cmdRun  (2020-03-02 13:45:56.765)
    TRACE: /ButaneSplitter/ProcessModel : cmdRun  (2020-03-02 13:45:56.765)
    TRACE: /ButaneSplitter/ProcessModel : Ack OK cmdRun  (2020-03-02 13:45:56.781)
    TRACE: /ButaneSplitter : cmdFreeze  (2020-03-02 13:50:31.220)
    TRACE: /ButaneSplitter/ProcessModel : cmdFreeze  (2020-03-02 13:50:31.220)
    TRACE: /ButaneSplitter/ProcessModel : Ack OK cmdFreeze  (2020-03-02 13:50:31.220)
    TRACE: /ButaneSplitter : cmdLoadFile ButaneSplitter (2020-03-02 13:50:43.972)
    INFO: /ButaneSplitter : Loading initial condition file "ButaneSplitter". (2020-03-02 13:50:43.972)
    TRACE: /ButaneSplitter : cmdLoadFile ButaneSplitter (2020-03-02 13:50:43.989)
    TRACE: /ButaneSplitter/ProcessModel : cmdLoadFile ButaneSplitter (2020-03-02 13:50:43.989)
    TRACE: /ButaneSplitter/ProcessModel : Ack OK cmdLoadFile  (2020-03-02 13:50:45.254)
    TRACE: /ButaneSplitter : cmdSpeed  (2020-03-02 13:50:45.270)
    TRACE: /ButaneSplitter/ProcessModel : cmdSpeed  (2020-03-02 13:50:45.285)
    TRACE: /ButaneSplitter/ProcessModel : Ack OK cmdSpeed  (2020-03-02 13:50:45.285)
    TRACE: /ButaneSplitter : cmdSetTime  (2020-03-02 13:50:45.285)
    TRACE: /ButaneSplitter/ProcessModel : cmdSetTime  (2020-03-02 13:50:45.301)
    TRACE: /ButaneSplitter/ProcessModel : Ack OK cmdSetTime  (2020-03-02 13:50:45.301)
    INFO: Partner application "/Explorers/Mcl_12" connected. (2020-03-02 13:50:48.081)
    INFO: Partner application "/Explorers/Mcl_12" disconnected. (2020-03-02 13:50:53.557)
    TRACE: /ButaneSplitter : cmdInitialize  (2020-03-02 13:50:59.311)
    TRACE: /ButaneSplitter/ProcessModel : cmdInitialize  (2020-03-02 13:50:59.313)
    TRACE: /ButaneSplitter/ProcessModel : Ack OK cmdInitialize  (2020-03-02 13:51:00.516)
    TRACE: /ButaneSplitter : cmdRun  (2020-03-02 13:51:00.516)
    TRACE: /ButaneSplitter/ProcessModel : cmdRun  (2020-03-02 13:51:00.532)
    TRACE: /ButaneSplitter/ProcessModel : Ack OK cmdRun  (2020-03-02 13:51:00.532)
    TRACE: /ButaneSplitter : cmdFreeze  (2020-03-02 13:51:14.634)
    TRACE: /ButaneSplitter/ProcessModel : cmdFreeze  (2020-03-02 13:51:14.645)
    TRACE: /ButaneSplitter/ProcessModel : Ack OK cmdFreeze  (2020-03-02 13:51:14.645)
    TRACE: /ButaneSplitter : cmdLoadFile ButaneSplitter (2020-03-02 13:51:23.808)
    INFO: /ButaneSplitter : Loading initial condition file "ButaneSplitter". (2020-03-02 13:51:23.808)
    TRACE: /ButaneSplitter : cmdLoadFile ButaneSplitter (2020-03-02 13:51:23.808)
    TRACE: /ButaneSplitter/ProcessModel : cmdLoadFile ButaneSplitter (2020-03-02 13:51:23.808)
    TRACE: /ButaneSplitter/ProcessModel : Ack OK cmdLoadFile  (2020-03-02 13:51:25.074)
    TRACE: /ButaneSplitter : cmdSpeed  (2020-03-02 13:51:25.089)
    TRACE: /ButaneSplitter/ProcessModel : cmdSpeed  (2020-03-02 13:51:25.121)
    TRACE: /ButaneSplitter/ProcessModel : Ack OK cmdSpeed  (2020-03-02 13:51:25.121)
    TRACE: /ButaneSplitter : cmdSetTime  (2020-03-02 13:51:25.138)
    TRACE: /ButaneSplitter/ProcessModel : cmdSetTime  (2020-03-02 13:51:25.138)
    TRACE: /ButaneSplitter/ProcessModel : Ack OK cmdSetTime  (2020-03-02 13:51:25.152)
    INFO: Partner application "/Explorers/Mcl_13" connected. (2020-03-02 13:51:27.730)
    TRACE: /ButaneSplitter : cmdInitialize  (2020-03-02 13:51:30.106)
    TRACE: /ButaneSplitter/ProcessModel : cmdInitialize  (2020-03-02 13:51:30.120)
    TRACE: /ButaneSplitter/ProcessModel : Ack OK cmdInitialize  (2020-03-02 13:51:31.387)
    TRACE: /ButaneSplitter : cmdRun  (2020-03-02 13:51:31.387)
    TRACE: /ButaneSplitter/ProcessModel : cmdRun  (2020-03-02 13:51:31.403)
    TRACE: /ButaneSplitter/ProcessModel : Ack OK cmdRun  (2020-03-02 13:51:31.403)
    INFO: Partner application "/Explorers/Mcl_13" disconnected. (2020-03-02 13:51:33.011)
    TRACE: /ButaneSplitter : cmdFreeze  (2020-03-02 13:59:31.753)
    TRACE: /ButaneSplitter/ProcessModel : cmdFreeze  (2020-03-02 13:59:31.753)
    TRACE: /ButaneSplitter/ProcessModel : Ack OK cmdFreeze  (2020-03-02 13:59:31.768)
    TRACE: /ButaneSplitter : cmdLoadFile ButaneSplitter (2020-03-02 14:11:37.118)
    INFO: /ButaneSplitter : Loading initial condition file "ButaneSplitter". (2020-03-02 14:11:37.137)
    TRACE: /ButaneSplitter : cmdLoadFile ButaneSplitter (2020-03-02 14:11:37.137)
    TRACE: /ButaneSplitter/ProcessModel : cmdLoadFile ButaneSplitter (2020-03-02 14:11:37.137)
    TRACE: /ButaneSplitter/ProcessModel : Ack OK cmdLoadFile  (2020-03-02 14:11:38.290)
    TRACE: /ButaneSplitter : cmdSpeed  (2020-03-02 14:11:38.290)
    TRACE: /ButaneSplitter/ProcessModel : cmdSpeed  (2020-03-02 14:11:38.321)
    TRACE: /ButaneSplitter/ProcessModel : Ack OK cmdSpeed  (2020-03-02 14:11:38.321)
    TRACE: /ButaneSplitter : cmdSetTime  (2020-03-02 14:11:38.321)
    TRACE: /ButaneSplitter/ProcessModel : cmdSetTime  (2020-03-02 14:11:38.321)
    TRACE: /ButaneSplitter/ProcessModel : Ack OK cmdSetTime  (2020-03-02 14:11:38.354)
    INFO: Partner application "/Explorers/Mcl_14" connected. (2020-03-02 14:11:41.415)
    INFO: Partner application "/Explorers/Mcl_14" disconnected. (2020-03-02 14:11:47.136)
    TRACE: /ButaneSplitter : cmdInitialize  (2020-03-02 14:12:02.417)
    TRACE: /ButaneSplitter/ProcessModel : cmdInitialize  (2020-03-02 14:12:02.417)
    TRACE: /ButaneSplitter/ProcessModel : Ack OK cmdInitialize  (2020-03-02 14:12:03.340)
    TRACE: /ButaneSplitter : cmdRun  (2020-03-02 14:12:03.354)
    TRACE: /ButaneSplitter/ProcessModel : cmdRun  (2020-03-02 14:12:03.354)
    TRACE: /ButaneSplitter/ProcessModel : Ack OK cmdRun  (2020-03-02 14:12:03.354)
    TRACE: /ButaneSplitter : cmdFreeze  (2020-03-02 14:18:43.506)
    TRACE: /ButaneSplitter/ProcessModel : cmdFreeze  (2020-03-02 14:18:43.506)
    TRACE: /ButaneSplitter/ProcessModel : Ack OK cmdFreeze  (2020-03-02 14:18:43.506)
    TRACE: /ButaneSplitter : cmdLoadFile ButaneSplitter (2020-03-02 14:43:03.688)
    INFO: /ButaneSplitter : Loading initial condition file "ButaneSplitter". (2020-03-02 14:43:03.688)
    TRACE: /ButaneSplitter : cmdLoadFile ButaneSplitter (2020-03-02 14:43:03.688)
    TRACE: /ButaneSplitter/ProcessModel : cmdLoadFile ButaneSplitter (2020-03-02 14:43:03.703)
    TRACE: /ButaneSplitter/ProcessModel : Ack OK cmdLoadFile  (2020-03-02 14:43:04.821)
    TRACE: /ButaneSplitter : cmdSpeed  (2020-03-02 14:43:04.821)
    TRACE: /ButaneSplitter/ProcessModel : cmdSpeed  (2020-03-02 14:43:04.821)
    TRACE: /ButaneSplitter/ProcessModel : Ack OK cmdSpeed  (2020-03-02 14:43:04.836)
    TRACE: /ButaneSplitter : cmdSetTime  (2020-03-02 14:43:04.851)
    TRACE: /ButaneSplitter/ProcessModel : cmdSetTime  (2020-03-02 14:43:04.851)
    TRACE: /ButaneSplitter/ProcessModel : Ack OK cmdSetTime  (2020-03-02 14:43:04.851)
    INFO: Partner application "/Explorers/Mcl_15" connected. (2020-03-02 14:43:19.991)
    TRACE: /ButaneSplitter : cmdInitialize  (2020-03-02 14:43:23.653)
    TRACE: /ButaneSplitter/ProcessModel : cmdInitialize  (2020-03-02 14:43:23.660)
    INFO: Partner application "/Explorers/Mcl_15" disconnected. (2020-03-02 14:43:24.459)
    TRACE: /ButaneSplitter/ProcessModel : Ack OK cmdInitialize  (2020-03-02 14:43:25.080)
    TRACE: /ButaneSplitter : cmdRun  (2020-03-02 14:43:25.080)
    TRACE: /ButaneSplitter/ProcessModel : cmdRun  (2020-03-02 14:43:25.096)
    TRACE: /ButaneSplitter/ProcessModel : Ack OK cmdRun  (2020-03-02 14:43:25.096)
    TRACE: /ButaneSplitter : cmdFreeze  (2020-03-02 14:48:53.660)
    TRACE: /ButaneSplitter/ProcessModel : cmdFreeze  (2020-03-02 14:48:53.660)
    TRACE: /ButaneSplitter/ProcessModel : Ack OK cmdFreeze  (2020-03-02 14:48:53.660)
    TRACE: /ButaneSplitter : cmdLoadFile ButaneSplitter (2020-03-02 14:48:55.972)
    INFO: /ButaneSplitter : Loading initial condition file "ButaneSplitter". (2020-03-02 14:48:55.988)
    TRACE: /ButaneSplitter : cmdLoadFile ButaneSplitter (2020-03-02 14:48:55.988)
    TRACE: /ButaneSplitter/ProcessModel : cmdLoadFile ButaneSplitter (2020-03-02 14:48:55.988)
    TRACE: /ButaneSplitter/ProcessModel : Ack OK cmdLoadFile  (2020-03-02 14:48:57.130)
    TRACE: /ButaneSplitter : cmdSpeed  (2020-03-02 14:48:57.147)
    TRACE: /ButaneSplitter/ProcessModel : cmdSpeed  (2020-03-02 14:48:57.147)
    TRACE: /ButaneSplitter/ProcessModel : Ack OK cmdSpeed  (2020-03-02 14:48:57.160)
    TRACE: /ButaneSplitter : cmdSetTime  (2020-03-02 14:48:57.160)
    TRACE: /ButaneSplitter/ProcessModel : cmdSetTime  (2020-03-02 14:48:57.160)
    TRACE: /ButaneSplitter/ProcessModel : Ack OK cmdSetTime  (2020-03-02 14:48:57.191)
    TRACE: /ButaneSplitter : cmdSaveFile ButaneSplitter (2020-03-02 14:49:14.097)
    INFO: /ButaneSplitter : Saving model file "ButaneSplitter". (2020-03-02 14:49:14.097)
    TRACE: /ButaneSplitter : cmdSaveFile ButaneSplitter (2020-03-02 14:49:14.097)
    TRACE: /ButaneSplitter/ProcessModel : cmdSaveFile ButaneSplitter (2020-03-02 14:49:14.097)
    TRACE: /ButaneSplitter : cmdSaveFile ButaneSplitter (2020-03-02 14:49:14.113)
    TRACE: /ButaneSplitter : cmdSaveFile ButaneSplitter (2020-03-02 14:49:14.113)
    TRACE: /ButaneSplitter/ProcessModel : Ack OK cmdSaveFile  (2020-03-02 14:49:14.457)
    INFO: /ButaneSplitter : Saving parameter file "ButaneSplitter". (2020-03-02 14:49:14.472)
    TRACE: /ButaneSplitter : cmdSaveFile ButaneSplitter (2020-03-02 14:49:14.472)
    TRACE: /ButaneSplitter/ProcessModel : cmdSaveFile ButaneSplitter (2020-03-02 14:49:14.472)
    TRACE: /ButaneSplitter/ProcessModel : Ack OK cmdSaveFile  (2020-03-02 14:49:14.631)
    INFO: /ButaneSplitter : Saving initial condition file "ButaneSplitter". (2020-03-02 14:49:14.644)
    TRACE: /ButaneSplitter : cmdSaveFile ButaneSplitter (2020-03-02 14:49:14.644)
    TRACE: /ButaneSplitter/ProcessModel : cmdSaveFile ButaneSplitter (2020-03-02 14:49:14.660)
    TRACE: /ButaneSplitter/ProcessModel : Ack OK cmdSaveFile  (2020-03-02 14:49:15.863)
    INFO: Partner application "/Explorers/Explorer_5" disconnected. (2020-03-02 14:49:17.644)
    TRACE: /ButaneSplitter : eventDeactivate  (2020-03-02 14:49:22.159)
    TRACE: /ButaneSplitter : cmdStop  (2020-03-02 14:49:22.159)
    TRACE: /ButaneSplitter/ProcessModel : cmdStop  (2020-03-02 14:49:22.159)
    INFO: Partner application "/ButaneSplitter/ProcessModel" disconnected. (2020-03-02 14:49:23.034)
    TRACE: /ButaneSplitter/ProcessModel : Ack OK cmdStop  (2020-03-02 14:49:23.050)
    INFO: Terminated /ButaneSplitter (2020-03-02 14:49:23.050)
    INFO: Opened project : ButaneSplitter (2020-03-03 08:18:03.424)
    INFO: Project directory : Z:\Prosjekt\TTK4210\ButaneSplitter (2020-03-03 08:18:03.446)
    TRACE: /ButaneSplitter : cmdStart  (2020-03-03 08:18:03.633)
    TRACE: /ButaneSplitter/ProcessModel : cmdStart  (2020-03-03 08:18:03.657)
    WARNING: An exception occurred while writing to the log database. Error with code 19: "FOREIGN KEY constraint failed: constraint failed". (2020-03-03 08:18:05.556)
    INFO: Partner application "/ButaneSplitter/ProcessModel" connected. (2020-03-03 08:18:12.820)
    TRACE: /ButaneSplitter/ProcessModel : Ack OK cmdStart  (2020-03-03 08:18:12.820)
    TRACE: /ButaneSplitter : cmdSetExecutionMode Engineering (2020-03-03 08:18:12.844)
    TRACE: /ButaneSplitter/ProcessModel : cmdSetExecutionMode Engineering (2020-03-03 08:18:12.844)
    TRACE: /ButaneSplitter/ProcessModel : Ack OK cmdSetExecutionMode  (2020-03-03 08:18:13.055)
    TRACE: /ButaneSplitter : cmdSetTime  (2020-03-03 08:18:13.055)
    TRACE: /ButaneSplitter/ProcessModel : cmdSetTime  (2020-03-03 08:18:13.055)
    TRACE: /ButaneSplitter/ProcessModel : Ack OK cmdSetTime  (2020-03-03 08:18:13.055)
    TRACE: /ButaneSplitter : cmdInitialize  (2020-03-03 08:18:13.055)
    TRACE: /ButaneSplitter/ProcessModel : cmdInitialize  (2020-03-03 08:18:13.079)
    TRACE: /ButaneSplitter/ProcessModel : Ack OK cmdInitialize  (2020-03-03 08:18:13.314)
    TRACE: /ButaneSplitter : cmdSetTime  (2020-03-03 08:18:13.336)
    TRACE: /ButaneSplitter/ProcessModel : cmdSetTime  (2020-03-03 08:18:13.336)
    TRACE: /ButaneSplitter/ProcessModel : Ack OK cmdSetTime  (2020-03-03 08:18:13.359)
    TRACE: /ButaneSplitter : cmdNotifyReloadStart  (2020-03-03 08:18:13.359)
    TRACE: /ButaneSplitter/ProcessModel : cmdNotifyReloadStart  (2020-03-03 08:18:13.359)
    TRACE: /ButaneSplitter/ProcessModel : Ack OK cmdNotifyReloadStart  (2020-03-03 08:18:13.359)
    INFO: /ButaneSplitter : Loading model file "ButaneSplitter". (2020-03-03 08:18:13.383)
    TRACE: /ButaneSplitter : cmdLoadFile ButaneSplitter (2020-03-03 08:18:13.383)
    TRACE: /ButaneSplitter/ProcessModel : cmdLoadFile ButaneSplitter (2020-03-03 08:18:13.383)
    TRACE: /ButaneSplitter/ProcessModel : Ack OK cmdLoadFile  (2020-03-03 08:18:14.344)
    TRACE: /ButaneSplitter : cmdRequestNamespace  (2020-03-03 08:18:14.367)
    TRACE: /ButaneSplitter/ProcessModel : cmdRequestNamespace  (2020-03-03 08:18:14.367)
    TRACE: /ButaneSplitter/ProcessModel : Ack OK cmdRequestNamespace  (2020-03-03 08:18:14.367)
    TRACE: /ButaneSplitter : cmdUpdateNamespace  (2020-03-03 08:18:14.390)
    TRACE: /ButaneSplitter/ProcessModel : cmdUpdateNamespace  (2020-03-03 08:18:14.390)
    TRACE: /ButaneSplitter/ProcessModel : Ack OK cmdUpdateNamespace  (2020-03-03 08:18:14.390)
    TRACE: /ButaneSplitter : cmdNotifyReloadFinished  (2020-03-03 08:18:14.390)
    TRACE: /ButaneSplitter/ProcessModel : cmdNotifyReloadFinished  (2020-03-03 08:18:14.390)
    TRACE: /ButaneSplitter/ProcessModel : Ack OK cmdNotifyReloadFinished  (2020-03-03 08:18:14.415)
    INFO: /ButaneSplitter : Loading parameter file "ButaneSplitter". (2020-03-03 08:18:14.415)
    TRACE: /ButaneSplitter : cmdLoadFile ButaneSplitter (2020-03-03 08:18:14.415)
    TRACE: /ButaneSplitter/ProcessModel : cmdLoadFile ButaneSplitter (2020-03-03 08:18:14.415)
    TRACE: /ButaneSplitter/ProcessModel : Ack OK cmdLoadFile  (2020-03-03 08:18:14.765)
    INFO: /ButaneSplitter : Loading initial condition file "ButaneSplitter". (2020-03-03 08:18:14.765)
    TRACE: /ButaneSplitter : cmdLoadFile ButaneSplitter (2020-03-03 08:18:14.765)
    TRACE: /ButaneSplitter/ProcessModel : cmdLoadFile ButaneSplitter (2020-03-03 08:18:14.765)
    TRACE: /ButaneSplitter/ProcessModel : Ack OK cmdLoadFile  (2020-03-03 08:18:15.820)
    TRACE: /ButaneSplitter : cmdSpeed  (2020-03-03 08:18:15.820)
    TRACE: /ButaneSplitter/ProcessModel : cmdSpeed  (2020-03-03 08:18:15.820)
    TRACE: /ButaneSplitter/ProcessModel : Ack OK cmdSpeed  (2020-03-03 08:18:15.820)
    TRACE: /ButaneSplitter : cmdSetTime  (2020-03-03 08:18:15.820)
    TRACE: /ButaneSplitter/ProcessModel : cmdSetTime  (2020-03-03 08:18:15.844)
    TRACE: /ButaneSplitter/ProcessModel : Ack OK cmdSetTime  (2020-03-03 08:18:15.844)
    TRACE: /ButaneSplitter : cmdCreateSubscriptions  (2020-03-03 08:18:15.844)
    TRACE: /ButaneSplitter/ProcessModel : cmdCreateSubscriptions  (2020-03-03 08:18:15.844)
    TRACE: /ButaneSplitter/ProcessModel : Ack OK cmdCreateSubscriptions  (2020-03-03 08:18:15.844)
    INFO: Partner application "/Explorers/Explorer_4" connected. (2020-03-03 08:18:22.008)
    INFO: Partner application "/Explorers/Explorer_4" disconnected. (2020-03-03 08:18:23.652)
    INFO: Partner application "/Explorers/Explorer_5" connected. (2020-03-03 08:18:28.079)
    TRACE: /ButaneSplitter : cmdLoadFile ButaneSplitter (2020-03-03 08:19:00.352)
    TRACE: /ButaneSplitter : cmdNotifyReloadStart  (2020-03-03 08:19:00.375)
    TRACE: /ButaneSplitter/ProcessModel : cmdNotifyReloadStart  (2020-03-03 08:19:00.375)
    TRACE: /ButaneSplitter/ProcessModel : Ack OK cmdNotifyReloadStart  (2020-03-03 08:19:00.421)
    INFO: /ButaneSplitter : Loading model file "ButaneSplitter". (2020-03-03 08:19:00.446)
    TRACE: /ButaneSplitter : cmdLoadFile ButaneSplitter (2020-03-03 08:19:00.474)
    TRACE: /ButaneSplitter/ProcessModel : cmdLoadFile ButaneSplitter (2020-03-03 08:19:00.516)
    TRACE: /ButaneSplitter/ProcessModel : Ack OK cmdLoadFile  (2020-03-03 08:19:01.547)
    TRACE: /ButaneSplitter : cmdRequestNamespace  (2020-03-03 08:19:01.570)
    TRACE: /ButaneSplitter/ProcessModel : cmdRequestNamespace  (2020-03-03 08:19:01.594)
    TRACE: /ButaneSplitter/ProcessModel : Ack OK cmdRequestNamespace  (2020-03-03 08:19:01.594)
    TRACE: /ButaneSplitter : cmdUpdateNamespace  (2020-03-03 08:19:01.664)
    TRACE: /ButaneSplitter/ProcessModel : cmdUpdateNamespace  (2020-03-03 08:19:01.688)
    TRACE: /ButaneSplitter/ProcessModel : Ack OK cmdUpdateNamespace  (2020-03-03 08:19:01.688)
    TRACE: /ButaneSplitter : cmdNotifyReloadFinished  (2020-03-03 08:19:01.710)
    TRACE: /ButaneSplitter/ProcessModel : cmdNotifyReloadFinished  (2020-03-03 08:19:01.734)
    TRACE: /ButaneSplitter/ProcessModel : Ack OK cmdNotifyReloadFinished  (2020-03-03 08:19:01.734)
    TRACE: /ButaneSplitter : cmdLoadFile ButaneSplitter (2020-03-03 08:19:02.393)
    INFO: /ButaneSplitter : Loading parameter file "ButaneSplitter". (2020-03-03 08:19:02.393)
    TRACE: /ButaneSplitter : cmdLoadFile ButaneSplitter (2020-03-03 08:19:02.393)
    TRACE: /ButaneSplitter/ProcessModel : cmdLoadFile ButaneSplitter (2020-03-03 08:19:02.414)
    TRACE: /ButaneSplitter : cmdLoadFile ButaneSplitter (2020-03-03 08:19:02.414)
    TRACE: /ButaneSplitter/ProcessModel : Ack OK cmdLoadFile  (2020-03-03 08:19:02.933)
    INFO: /ButaneSplitter : Loading initial condition file "ButaneSplitter". (2020-03-03 08:19:02.933)
    TRACE: /ButaneSplitter : cmdLoadFile ButaneSplitter (2020-03-03 08:19:02.953)
    TRACE: /ButaneSplitter/ProcessModel : cmdLoadFile ButaneSplitter (2020-03-03 08:19:02.953)
    TRACE: /ButaneSplitter/ProcessModel : Ack OK cmdLoadFile  (2020-03-03 08:19:05.673)
    TRACE: /ButaneSplitter : cmdSpeed  (2020-03-03 08:19:05.695)
    TRACE: /ButaneSplitter/ProcessModel : cmdSpeed  (2020-03-03 08:19:05.695)
    TRACE: /ButaneSplitter/ProcessModel : Ack OK cmdSpeed  (2020-03-03 08:19:05.695)
    TRACE: /ButaneSplitter : cmdSetTime  (2020-03-03 08:19:05.695)
    TRACE: /ButaneSplitter/ProcessModel : cmdSetTime  (2020-03-03 08:19:05.719)
    TRACE: /ButaneSplitter/ProcessModel : Ack OK cmdSetTime  (2020-03-03 08:19:05.719)
    TRACE: /ButaneSplitter : cmdCreateSubscriptions  (2020-03-03 08:19:05.719)
    TRACE: /ButaneSplitter/ProcessModel : cmdCreateSubscriptions  (2020-03-03 08:19:05.719)
    TRACE: /ButaneSplitter/ProcessModel : Ack OK cmdCreateSubscriptions  (2020-03-03 08:19:05.742)
    TRACE: /ButaneSplitter : cmdLoadFile ButaneSplitter (2020-03-03 08:20:37.968)
    INFO: /ButaneSplitter : Loading initial condition file "ButaneSplitter". (2020-03-03 08:20:37.968)
    TRACE: /ButaneSplitter : cmdLoadFile ButaneSplitter (2020-03-03 08:20:37.992)
    TRACE: /ButaneSplitter/ProcessModel : cmdLoadFile ButaneSplitter (2020-03-03 08:20:37.992)
    TRACE: /ButaneSplitter/ProcessModel : Ack OK cmdLoadFile  (2020-03-03 08:20:39.658)
    TRACE: /ButaneSplitter : cmdSpeed  (2020-03-03 08:20:39.684)
    TRACE: /ButaneSplitter/ProcessModel : cmdSpeed  (2020-03-03 08:20:39.684)
    TRACE: /ButaneSplitter/ProcessModel : Ack OK cmdSpeed  (2020-03-03 08:20:39.704)
    TRACE: /ButaneSplitter : cmdSetTime  (2020-03-03 08:20:39.704)
    TRACE: /ButaneSplitter/ProcessModel : cmdSetTime  (2020-03-03 08:20:39.704)
    TRACE: /ButaneSplitter/ProcessModel : Ack OK cmdSetTime  (2020-03-03 08:20:39.985)
    INFO: Partner application "/Explorers/Mcl_6" connected. (2020-03-03 08:20:44.508)
    INFO: Partner application "/Explorers/Mcl_6" disconnected. (2020-03-03 08:20:51.095)
    TRACE: /ButaneSplitter : cmdInitialize  (2020-03-03 08:21:28.539)
    TRACE: /ButaneSplitter/ProcessModel : cmdInitialize  (2020-03-03 08:21:28.564)
    TRACE: /ButaneSplitter/ProcessModel : Ack OK cmdInitialize  (2020-03-03 08:21:47.267)
    TRACE: /ButaneSplitter : cmdRun  (2020-03-03 08:21:47.290)
    TRACE: /ButaneSplitter/ProcessModel : cmdRun  (2020-03-03 08:21:47.290)
    TRACE: /ButaneSplitter/ProcessModel : Ack OK cmdRun  (2020-03-03 08:21:47.290)
    TRACE: /ButaneSplitter : cmdFreeze  (2020-03-03 08:22:07.660)
    TRACE: /ButaneSplitter/ProcessModel : cmdFreeze  (2020-03-03 08:22:07.660)
    TRACE: /ButaneSplitter/ProcessModel : Ack OK cmdFreeze  (2020-03-03 08:22:07.660)
    TRACE: /ButaneSplitter : cmdLoadFile ButaneSplitter (2020-03-03 08:22:11.011)
    INFO: /ButaneSplitter : Loading initial condition file "ButaneSplitter". (2020-03-03 08:22:11.011)
    TRACE: /ButaneSplitter : cmdLoadFile ButaneSplitter (2020-03-03 08:22:11.035)
    TRACE: /ButaneSplitter/ProcessModel : cmdLoadFile ButaneSplitter (2020-03-03 08:22:11.035)
    TRACE: /ButaneSplitter/ProcessModel : Ack OK cmdLoadFile  (2020-03-03 08:22:12.769)
    TRACE: /ButaneSplitter : cmdSpeed  (2020-03-03 08:22:12.802)
    TRACE: /ButaneSplitter/ProcessModel : cmdSpeed  (2020-03-03 08:22:12.816)
    TRACE: /ButaneSplitter/ProcessModel : Ack OK cmdSpeed  (2020-03-03 08:22:12.840)
    TRACE: /ButaneSplitter : cmdSetTime  (2020-03-03 08:22:12.840)
    TRACE: /ButaneSplitter/ProcessModel : cmdSetTime  (2020-03-03 08:22:12.840)
    TRACE: /ButaneSplitter/ProcessModel : Ack OK cmdSetTime  (2020-03-03 08:22:12.863)
    TRACE: /ButaneSplitter : cmdLoadFile ButaneSplitter (2020-03-03 08:22:33.212)
    INFO: /ButaneSplitter : Loading initial condition file "ButaneSplitter". (2020-03-03 08:22:33.236)
    TRACE: /ButaneSplitter : cmdLoadFile ButaneSplitter (2020-03-03 08:22:33.236)
    TRACE: /ButaneSplitter/ProcessModel : cmdLoadFile ButaneSplitter (2020-03-03 08:22:33.236)
    TRACE: /ButaneSplitter/ProcessModel : Ack OK cmdLoadFile  (2020-03-03 08:22:34.783)
    TRACE: /ButaneSplitter : cmdSpeed  (2020-03-03 08:22:34.783)
    TRACE: /ButaneSplitter/ProcessModel : cmdSpeed  (2020-03-03 08:22:34.783)
    TRACE: /ButaneSplitter/ProcessModel : Ack OK cmdSpeed  (2020-03-03 08:22:34.830)
    TRACE: /ButaneSplitter : cmdSetTime  (2020-03-03 08:22:34.853)
    TRACE: /ButaneSplitter/ProcessModel : cmdSetTime  (2020-03-03 08:22:34.853)
    TRACE: /ButaneSplitter/ProcessModel : Ack OK cmdSetTime  (2020-03-03 08:22:34.877)
    INFO: Partner application "/Explorers/Mcl_7" connected. (2020-03-03 08:22:40.220)
    TRACE: /ButaneSplitter : cmdInitialize  (2020-03-03 08:22:46.077)
    TRACE: /ButaneSplitter/ProcessModel : cmdInitialize  (2020-03-03 08:22:46.101)
    TRACE: /ButaneSplitter/ProcessModel : Ack OK cmdInitialize  (2020-03-03 08:22:47.713)
    TRACE: /ButaneSplitter : cmdRun  (2020-03-03 08:22:47.718)
    TRACE: /ButaneSplitter/ProcessModel : cmdRun  (2020-03-03 08:22:47.718)
    TRACE: /ButaneSplitter/ProcessModel : Ack OK cmdRun  (2020-03-03 08:22:47.742)
    INFO: Partner application "/Explorers/Mcl_7" disconnected. (2020-03-03 08:22:48.377)
    TRACE: /ButaneSplitter : cmdFreeze  (2020-03-03 08:30:18.331)
    TRACE: /ButaneSplitter/ProcessModel : cmdFreeze  (2020-03-03 08:30:18.331)
    TRACE: /ButaneSplitter/ProcessModel : Ack OK cmdFreeze  (2020-03-03 08:30:18.347)
    TRACE: /ButaneSplitter : cmdRun  (2020-03-03 09:51:59.904)
    TRACE: /ButaneSplitter/ProcessModel : cmdRun  (2020-03-03 09:51:59.904)
    TRACE: /ButaneSplitter/ProcessModel : Ack OK cmdRun  (2020-03-03 09:51:59.904)
    TRACE: /ButaneSplitter : cmdFreeze  (2020-03-03 10:00:39.768)
    TRACE: /ButaneSplitter/ProcessModel : cmdFreeze  (2020-03-03 10:00:39.768)
    TRACE: /ButaneSplitter/ProcessModel : Ack OK cmdFreeze  (2020-03-03 10:00:39.768)
    TRACE: /ButaneSplitter : cmdRun  (2020-03-03 10:01:49.957)
    TRACE: /ButaneSplitter/ProcessModel : cmdRun  (2020-03-03 10:01:49.969)
    TRACE: /ButaneSplitter/ProcessModel : Ack OK cmdRun  (2020-03-03 10:01:49.971)
    TRACE: /ButaneSplitter : cmdFreeze  (2020-03-03 10:05:31.800)
    TRACE: /ButaneSplitter/ProcessModel : cmdFreeze  (2020-03-03 10:05:31.819)
    TRACE: /ButaneSplitter/ProcessModel : Ack OK cmdFreeze  (2020-03-03 10:05:31.819)
    INFO: Partner application "/Explorers/MclManager_8" connected. (2020-03-03 10:05:38.664)
    INFO: Partner application "/Explorers/MclManager_8" disconnected. (2020-03-03 10:05:50.241)
    INFO: Partner application "/Explorers/MclManager_9" connected. (2020-03-03 10:05:58.004)
    INFO: Partner application "/Explorers/Mcl_10" connected. (2020-03-03 10:07:34.305)
    TRACE: /ButaneSplitter : cmdLoadFile ButaneSplitter (2020-03-03 10:07:37.045)
    INFO: /ButaneSplitter : Loading initial condition file "ButaneSplitter". (2020-03-03 10:07:37.045)
    TRACE: /ButaneSplitter : cmdLoadFile ButaneSplitter (2020-03-03 10:07:37.071)
    TRACE: /ButaneSplitter/ProcessModel : cmdLoadFile ButaneSplitter (2020-03-03 10:07:37.093)
    TRACE: /ButaneSplitter/ProcessModel : Ack OK cmdLoadFile  (2020-03-03 10:07:39.670)
    TRACE: /ButaneSplitter : cmdSpeed  (2020-03-03 10:07:39.670)
    TRACE: /ButaneSplitter/ProcessModel : cmdSpeed  (2020-03-03 10:07:39.694)
    TRACE: /ButaneSplitter/ProcessModel : Ack OK cmdSpeed  (2020-03-03 10:07:39.718)
    TRACE: /ButaneSplitter : cmdSetTime  (2020-03-03 10:07:39.740)
    TRACE: /ButaneSplitter/ProcessModel : cmdSetTime  (2020-03-03 10:07:39.741)
    TRACE: /ButaneSplitter/ProcessModel : Ack OK cmdSetTime  (2020-03-03 10:07:39.766)
    INFO: Partner application "/Explorers/Mcl_10" disconnected. (2020-03-03 10:07:44.452)
    INFO: Partner application "/Explorers/Mcl_11" connected. (2020-03-03 10:07:44.592)
    INFO: Partner application "/Explorers/Mcl_11" disconnected. (2020-03-03 10:07:50.965)
    TRACE: /ButaneSplitter : cmdInitialize  (2020-03-03 10:07:51.996)
    TRACE: /ButaneSplitter/ProcessModel : cmdInitialize  (2020-03-03 10:07:52.043)
    TRACE: /ButaneSplitter/ProcessModel : Ack OK cmdInitialize  (2020-03-03 10:07:54.269)
    TRACE: /ButaneSplitter : cmdRun  (2020-03-03 10:07:54.269)
    TRACE: /ButaneSplitter/ProcessModel : cmdRun  (2020-03-03 10:07:54.297)
    TRACE: /ButaneSplitter/ProcessModel : Ack OK cmdRun  (2020-03-03 10:07:54.297)
    TRACE: /ButaneSplitter : cmdFreeze  (2020-03-03 10:15:39.168)
    TRACE: /ButaneSplitter/ProcessModel : cmdFreeze  (2020-03-03 10:15:39.176)
    TRACE: /ButaneSplitter/ProcessModel : Ack OK cmdFreeze  (2020-03-03 10:15:39.176)
    TRACE: /ButaneSplitter : cmdLoadFile ButaneSplitter (2020-03-03 10:19:58.392)
    INFO: /ButaneSplitter : Loading initial condition file "ButaneSplitter". (2020-03-03 10:19:58.392)
    TRACE: /ButaneSplitter : cmdLoadFile ButaneSplitter (2020-03-03 10:19:58.392)
    TRACE: /ButaneSplitter/ProcessModel : cmdLoadFile ButaneSplitter (2020-03-03 10:19:58.392)
    TRACE: /ButaneSplitter/ProcessModel : Ack OK cmdLoadFile  (2020-03-03 10:19:59.867)
    TRACE: /ButaneSplitter : cmdSpeed  (2020-03-03 10:19:59.867)
    TRACE: /ButaneSplitter/ProcessModel : cmdSpeed  (2020-03-03 10:19:59.913)
    TRACE: /ButaneSplitter/ProcessModel : Ack OK cmdSpeed  (2020-03-03 10:19:59.913)
    TRACE: /ButaneSplitter : cmdSetTime  (2020-03-03 10:19:59.913)
    TRACE: /ButaneSplitter/ProcessModel : cmdSetTime  (2020-03-03 10:19:59.913)
    TRACE: /ButaneSplitter/ProcessModel : Ack OK cmdSetTime  (2020-03-03 10:19:59.930)
    INFO: Partner application "/Explorers/Mcl_12" connected. (2020-03-03 10:20:03.673)
    INFO: Partner application "/Explorers/Mcl_12" disconnected. (2020-03-03 10:20:07.769)
    TRACE: /ButaneSplitter : cmdInitialize  (2020-03-03 10:20:15.029)
    TRACE: /ButaneSplitter/ProcessModel : cmdInitialize  (2020-03-03 10:20:15.029)
    TRACE: /ButaneSplitter/ProcessModel : Ack OK cmdInitialize  (2020-03-03 10:20:16.030)
    TRACE: /ButaneSplitter : cmdRun  (2020-03-03 10:20:16.042)
    TRACE: /ButaneSplitter/ProcessModel : cmdRun  (2020-03-03 10:20:16.314)
    TRACE: /ButaneSplitter/ProcessModel : Ack OK cmdRun  (2020-03-03 10:20:16.314)
    TRACE: /ButaneSplitter : cmdFreeze  (2020-03-03 10:28:06.835)
    TRACE: /ButaneSplitter/ProcessModel : cmdFreeze  (2020-03-03 10:28:06.849)
    TRACE: /ButaneSplitter/ProcessModel : Ack OK cmdFreeze  (2020-03-03 10:28:06.849)
    TRACE: /ButaneSplitter : cmdLoadFile ButaneSplitter (2020-03-03 12:54:05.537)
    INFO: /ButaneSplitter : Loading initial condition file "ButaneSplitter". (2020-03-03 12:54:05.537)
    TRACE: /ButaneSplitter : cmdLoadFile ButaneSplitter (2020-03-03 12:54:05.553)
    TRACE: /ButaneSplitter/ProcessModel : cmdLoadFile ButaneSplitter (2020-03-03 12:54:05.553)
    TRACE: /ButaneSplitter/ProcessModel : Ack OK cmdLoadFile  (2020-03-03 12:54:06.871)
    TRACE: /ButaneSplitter : cmdSpeed  (2020-03-03 12:54:06.871)
    TRACE: /ButaneSplitter/ProcessModel : cmdSpeed  (2020-03-03 12:54:06.871)
    TRACE: /ButaneSplitter/ProcessModel : Ack OK cmdSpeed  (2020-03-03 12:54:06.898)
    TRACE: /ButaneSplitter : cmdSetTime  (2020-03-03 12:54:06.898)
    TRACE: /ButaneSplitter/ProcessModel : cmdSetTime  (2020-03-03 12:54:06.898)
    TRACE: /ButaneSplitter/ProcessModel : Ack OK cmdSetTime  (2020-03-03 12:54:06.913)
    INFO: Partner application "/Explorers/Mcl_13" connected. (2020-03-03 12:54:11.007)
    INFO: Partner application "/Explorers/Mcl_13" disconnected. (2020-03-03 12:54:16.224)
    TRACE: /ButaneSplitter : cmdInitialize  (2020-03-03 12:55:14.241)
    TRACE: /ButaneSplitter/ProcessModel : cmdInitialize  (2020-03-03 12:55:14.256)
    TRACE: /ButaneSplitter/ProcessModel : Ack OK cmdInitialize  (2020-03-03 12:55:15.194)
    TRACE: /ButaneSplitter : cmdRun  (2020-03-03 12:55:15.209)
    TRACE: /ButaneSplitter/ProcessModel : cmdRun  (2020-03-03 12:55:15.209)
    TRACE: /ButaneSplitter/ProcessModel : Ack OK cmdRun  (2020-03-03 12:55:15.209)
    TRACE: /ButaneSplitter : cmdFreeze  (2020-03-03 12:57:52.872)
    TRACE: /ButaneSplitter/ProcessModel : cmdFreeze  (2020-03-03 12:57:52.888)
    TRACE: /ButaneSplitter/ProcessModel : Ack OK cmdFreeze  (2020-03-03 12:57:52.888)
    TRACE: /ButaneSplitter : cmdLoadFile ButaneSplitter (2020-03-03 13:01:27.349)
    INFO: /ButaneSplitter : Loading initial condition file "ButaneSplitter". (2020-03-03 13:01:27.365)
    TRACE: /ButaneSplitter : cmdLoadFile ButaneSplitter (2020-03-03 13:01:27.365)
    TRACE: /ButaneSplitter/ProcessModel : cmdLoadFile ButaneSplitter (2020-03-03 13:01:27.365)
    TRACE: /ButaneSplitter/ProcessModel : Ack OK cmdLoadFile  (2020-03-03 13:01:28.381)
    TRACE: /ButaneSplitter : cmdSpeed  (2020-03-03 13:01:28.381)
    TRACE: /ButaneSplitter/ProcessModel : cmdSpeed  (2020-03-03 13:01:28.381)
    TRACE: /ButaneSplitter/ProcessModel : Ack OK cmdSpeed  (2020-03-03 13:01:28.428)
    TRACE: /ButaneSplitter : cmdSetTime  (2020-03-03 13:01:28.428)
    TRACE: /ButaneSplitter/ProcessModel : cmdSetTime  (2020-03-03 13:01:28.428)
    TRACE: /ButaneSplitter/ProcessModel : Ack OK cmdSetTime  (2020-03-03 13:01:28.449)
    INFO: Partner application "/Explorers/Mcl_14" connected. (2020-03-03 13:01:31.756)
    INFO: Partner application "/Explorers/Mcl_14" disconnected. (2020-03-03 13:01:36.009)
    TRACE: /ButaneSplitter : cmdInitialize  (2020-03-03 13:01:48.459)
    TRACE: /ButaneSplitter/ProcessModel : cmdInitialize  (2020-03-03 13:01:48.459)
    TRACE: /ButaneSplitter/ProcessModel : Ack OK cmdInitialize  (2020-03-03 13:01:49.522)
    TRACE: /ButaneSplitter : cmdRun  (2020-03-03 13:01:49.522)
    TRACE: /ButaneSplitter/ProcessModel : cmdRun  (2020-03-03 13:01:49.563)
    TRACE: /ButaneSplitter/ProcessModel : Ack OK cmdRun  (2020-03-03 13:01:49.569)
    TRACE: /ButaneSplitter : cmdFreeze  (2020-03-03 13:11:34.750)
    TRACE: /ButaneSplitter/ProcessModel : cmdFreeze  (2020-03-03 13:11:34.750)
    TRACE: /ButaneSplitter/ProcessModel : Ack OK cmdFreeze  (2020-03-03 13:11:34.750)
    TRACE: /ButaneSplitter : cmdRun  (2020-03-03 13:12:10.437)
    TRACE: /ButaneSplitter/ProcessModel : cmdRun  (2020-03-03 13:12:10.454)
    TRACE: /ButaneSplitter/ProcessModel : Ack OK cmdRun  (2020-03-03 13:12:10.454)
    TRACE: /ButaneSplitter : cmdFreeze  (2020-03-03 13:13:35.983)
    TRACE: /ButaneSplitter/ProcessModel : cmdFreeze  (2020-03-03 13:13:35.983)
    TRACE: /ButaneSplitter/ProcessModel : Ack OK cmdFreeze  (2020-03-03 13:13:35.983)
    TRACE: /ButaneSplitter : cmdLoadFile ButaneSplitter (2020-03-03 13:14:39.055)
    INFO: /ButaneSplitter : Loading initial condition file "ButaneSplitter". (2020-03-03 13:14:39.055)
    TRACE: /ButaneSplitter : cmdLoadFile ButaneSplitter (2020-03-03 13:14:39.071)
    TRACE: /ButaneSplitter/ProcessModel : cmdLoadFile ButaneSplitter (2020-03-03 13:14:39.071)
    TRACE: /ButaneSplitter/ProcessModel : Ack OK cmdLoadFile  (2020-03-03 13:14:40.008)
    TRACE: /ButaneSplitter : cmdSpeed  (2020-03-03 13:14:40.024)
    TRACE: /ButaneSplitter/ProcessModel : cmdSpeed  (2020-03-03 13:14:40.041)
    TRACE: /ButaneSplitter/ProcessModel : Ack OK cmdSpeed  (2020-03-03 13:14:40.055)
    TRACE: /ButaneSplitter : cmdSetTime  (2020-03-03 13:14:40.055)
    TRACE: /ButaneSplitter/ProcessModel : cmdSetTime  (2020-03-03 13:14:40.055)
    TRACE: /ButaneSplitter/ProcessModel : Ack OK cmdSetTime  (2020-03-03 13:14:40.055)
    TRACE: /ButaneSplitter : cmdLoadFile ButaneSplitter (2020-03-03 13:33:00.687)
    INFO: /ButaneSplitter : Loading initial condition file "ButaneSplitter". (2020-03-03 13:33:00.687)
    TRACE: /ButaneSplitter : cmdLoadFile ButaneSplitter (2020-03-03 13:33:00.687)
    TRACE: /ButaneSplitter/ProcessModel : cmdLoadFile ButaneSplitter (2020-03-03 13:33:00.702)
    TRACE: /ButaneSplitter/ProcessModel : Ack OK cmdLoadFile  (2020-03-03 13:33:01.862)
    TRACE: /ButaneSplitter : cmdSpeed  (2020-03-03 13:33:01.874)
    TRACE: /ButaneSplitter/ProcessModel : cmdSpeed  (2020-03-03 13:33:01.874)
    TRACE: /ButaneSplitter/ProcessModel : Ack OK cmdSpeed  (2020-03-03 13:33:01.874)
    TRACE: /ButaneSplitter : cmdSetTime  (2020-03-03 13:33:01.874)
    TRACE: /ButaneSplitter/ProcessModel : cmdSetTime  (2020-03-03 13:33:01.874)
    TRACE: /ButaneSplitter/ProcessModel : Ack OK cmdSetTime  (2020-03-03 13:33:01.874)
    INFO: Partner application "/Explorers/Mcl_15" connected. (2020-03-03 14:10:15.906)
    TRACE: /ButaneSplitter : cmdLoadFile ButaneSplitter (2020-03-03 14:10:16.312)
    INFO: /ButaneSplitter : Loading initial condition file "ButaneSplitter". (2020-03-03 14:10:16.312)
    TRACE: /ButaneSplitter : cmdLoadFile ButaneSplitter (2020-03-03 14:10:16.327)
    TRACE: /ButaneSplitter/ProcessModel : cmdLoadFile ButaneSplitter (2020-03-03 14:10:16.328)
    TRACE: /ButaneSplitter/ProcessModel : Ack OK cmdLoadFile  (2020-03-03 14:10:17.827)
    TRACE: /ButaneSplitter : cmdSpeed  (2020-03-03 14:10:17.827)
    TRACE: /ButaneSplitter/ProcessModel : cmdSpeed  (2020-03-03 14:10:17.846)
    TRACE: /ButaneSplitter/ProcessModel : Ack OK cmdSpeed  (2020-03-03 14:10:17.952)
    TRACE: /ButaneSplitter : cmdSetTime  (2020-03-03 14:10:17.952)
    TRACE: /ButaneSplitter/ProcessModel : cmdSetTime  (2020-03-03 14:10:17.952)
    TRACE: /ButaneSplitter/ProcessModel : Ack OK cmdSetTime  (2020-03-03 14:10:17.952)
    INFO: Partner application "/Explorers/Mcl_15" disconnected. (2020-03-03 14:10:22.140)
    TRACE: /ButaneSplitter : cmdInitialize  (2020-03-03 14:10:48.233)
    TRACE: /ButaneSplitter/ProcessModel : cmdInitialize  (2020-03-03 14:10:48.250)
    TRACE: /ButaneSplitter/ProcessModel : Ack OK cmdInitialize  (2020-03-03 14:10:49.422)
    TRACE: /ButaneSplitter : cmdRun  (2020-03-03 14:10:49.422)
    TRACE: /ButaneSplitter/ProcessModel : cmdRun  (2020-03-03 14:10:49.438)
    TRACE: /ButaneSplitter/ProcessModel : Ack OK cmdRun  (2020-03-03 14:10:49.438)
    TRACE: /ButaneSplitter : cmdFreeze  (2020-03-03 14:12:49.236)
    TRACE: /ButaneSplitter/ProcessModel : cmdFreeze  (2020-03-03 14:12:49.236)
    TRACE: /ButaneSplitter/ProcessModel : Ack OK cmdFreeze  (2020-03-03 14:12:49.236)
    TRACE: /ButaneSplitter : cmdLoadFile ButaneSplitter (2020-03-03 14:12:53.127)
    INFO: /ButaneSplitter : Loading initial condition file "ButaneSplitter". (2020-03-03 14:12:53.127)
    TRACE: /ButaneSplitter : cmdLoadFile ButaneSplitter (2020-03-03 14:12:53.347)
    TRACE: /ButaneSplitter/ProcessModel : cmdLoadFile ButaneSplitter (2020-03-03 14:12:53.347)
    TRACE: /ButaneSplitter/ProcessModel : Ack OK cmdLoadFile  (2020-03-03 14:12:54.331)
    TRACE: /ButaneSplitter : cmdSpeed  (2020-03-03 14:12:54.331)
    TRACE: /ButaneSplitter/ProcessModel : cmdSpeed  (2020-03-03 14:12:54.331)
    TRACE: /ButaneSplitter/ProcessModel : Ack OK cmdSpeed  (2020-03-03 14:12:54.346)
    TRACE: /ButaneSplitter : cmdSetTime  (2020-03-03 14:12:54.346)
    TRACE: /ButaneSplitter/ProcessModel : cmdSetTime  (2020-03-03 14:12:54.346)
    TRACE: /ButaneSplitter/ProcessModel : Ack OK cmdSetTime  (2020-03-03 14:12:54.361)
    TRACE: /ButaneSplitter : cmdInitialize  (2020-03-03 14:13:10.464)
    TRACE: /ButaneSplitter/ProcessModel : cmdInitialize  (2020-03-03 14:13:10.480)
    TRACE: /ButaneSplitter/ProcessModel : Ack OK cmdInitialize  (2020-03-03 14:13:11.573)
    TRACE: /ButaneSplitter : cmdRun  (2020-03-03 14:13:11.573)
    TRACE: /ButaneSplitter/ProcessModel : cmdRun  (2020-03-03 14:13:11.591)
    TRACE: /ButaneSplitter/ProcessModel : Ack OK cmdRun  (2020-03-03 14:13:11.607)
    TRACE: /ButaneSplitter : cmdFreeze  (2020-03-03 14:13:37.853)
    TRACE: /ButaneSplitter/ProcessModel : cmdFreeze  (2020-03-03 14:13:37.869)
    TRACE: /ButaneSplitter/ProcessModel : Ack OK cmdFreeze  (2020-03-03 14:13:37.869)
    TRACE: /ButaneSplitter : cmdRun  (2020-03-03 14:13:41.998)
    TRACE: /ButaneSplitter/ProcessModel : cmdRun  (2020-03-03 14:13:42.010)
    TRACE: /ButaneSplitter/ProcessModel : Ack OK cmdRun  (2020-03-03 14:13:42.010)
    TRACE: /ButaneSplitter : cmdFreeze  (2020-03-03 14:15:17.056)
    TRACE: /ButaneSplitter/ProcessModel : cmdFreeze  (2020-03-03 14:15:17.056)
    TRACE: /ButaneSplitter/ProcessModel : Ack OK cmdFreeze  (2020-03-03 14:15:17.056)
    INFO: Partner application "/Explorers/Mcl_16" connected. (2020-03-03 14:17:24.213)
    TRACE: /ButaneSplitter : cmdLoadFile ButaneSplitter (2020-03-03 14:17:26.481)
    INFO: /ButaneSplitter : Loading initial condition file "ButaneSplitter". (2020-03-03 14:17:26.496)
    TRACE: /ButaneSplitter : cmdLoadFile ButaneSplitter (2020-03-03 14:17:26.511)
    TRACE: /ButaneSplitter/ProcessModel : cmdLoadFile ButaneSplitter (2020-03-03 14:17:26.511)
    TRACE: /ButaneSplitter/ProcessModel : Ack OK cmdLoadFile  (2020-03-03 14:17:27.885)
    TRACE: /ButaneSplitter : cmdSpeed  (2020-03-03 14:17:27.885)
    TRACE: /ButaneSplitter/ProcessModel : cmdSpeed  (2020-03-03 14:17:27.885)
    TRACE: /ButaneSplitter/ProcessModel : Ack OK cmdSpeed  (2020-03-03 14:17:27.916)
    TRACE: /ButaneSplitter : cmdSetTime  (2020-03-03 14:17:27.916)
    TRACE: /ButaneSplitter/ProcessModel : cmdSetTime  (2020-03-03 14:17:27.916)
    TRACE: /ButaneSplitter/ProcessModel : Ack OK cmdSetTime  (2020-03-03 14:17:27.935)
    INFO: Partner application "/Explorers/Mcl_16" disconnected. (2020-03-03 14:17:30.994)
    TRACE: /ButaneSplitter : cmdInitialize  (2020-03-03 14:17:34.703)
    TRACE: /ButaneSplitter/ProcessModel : cmdInitialize  (2020-03-03 14:17:34.703)
    TRACE: /ButaneSplitter/ProcessModel : Ack OK cmdInitialize  (2020-03-03 14:17:36.169)
    TRACE: /ButaneSplitter : cmdRun  (2020-03-03 14:17:36.186)
    TRACE: /ButaneSplitter/ProcessModel : cmdRun  (2020-03-03 14:17:36.186)
    TRACE: /ButaneSplitter/ProcessModel : Ack OK cmdRun  (2020-03-03 14:17:36.186)
    TRACE: /ButaneSplitter : cmdFreeze  (2020-03-03 14:18:17.970)
    TRACE: /ButaneSplitter/ProcessModel : cmdFreeze  (2020-03-03 14:18:17.970)
    TRACE: /ButaneSplitter/ProcessModel : Ack OK cmdFreeze  (2020-03-03 14:18:17.984)
    TRACE: /ButaneSplitter : cmdRun  (2020-03-03 14:19:01.455)
    TRACE: /ButaneSplitter/ProcessModel : cmdRun  (2020-03-03 14:19:01.469)
    TRACE: /ButaneSplitter/ProcessModel : Ack OK cmdRun  (2020-03-03 14:19:01.469)
    TRACE: /ButaneSplitter : cmdFreeze  (2020-03-03 14:19:32.579)
    TRACE: /ButaneSplitter/ProcessModel : cmdFreeze  (2020-03-03 14:19:32.594)
    TRACE: /ButaneSplitter/ProcessModel : Ack OK cmdFreeze  (2020-03-03 14:19:32.594)
    TRACE: /ButaneSplitter : cmdRun  (2020-03-03 14:19:54.361)
    TRACE: /ButaneSplitter/ProcessModel : cmdRun  (2020-03-03 14:19:54.375)
    TRACE: /ButaneSplitter/ProcessModel : Ack OK cmdRun  (2020-03-03 14:19:54.375)
    TRACE: /ButaneSplitter : cmdFreeze  (2020-03-03 14:20:28.110)
    TRACE: /ButaneSplitter/ProcessModel : cmdFreeze  (2020-03-03 14:20:28.110)
    TRACE: /ButaneSplitter/ProcessModel : Ack OK cmdFreeze  (2020-03-03 14:20:28.110)
    TRACE: /ButaneSplitter : cmdRun  (2020-03-03 14:21:46.195)
    TRACE: /ButaneSplitter/ProcessModel : cmdRun  (2020-03-03 14:21:46.208)
    TRACE: /ButaneSplitter/ProcessModel : Ack OK cmdRun  (2020-03-03 14:21:46.208)
    TRACE: /ButaneSplitter : cmdFreeze  (2020-03-03 14:22:10.196)
    TRACE: /ButaneSplitter/ProcessModel : cmdFreeze  (2020-03-03 14:22:10.196)
    TRACE: /ButaneSplitter/ProcessModel : Ack OK cmdFreeze  (2020-03-03 14:22:10.196)
    TRACE: /ButaneSplitter : cmdLoadFile ButaneSplitter (2020-03-03 14:22:12.963)
    INFO: /ButaneSplitter : Loading initial condition file "ButaneSplitter". (2020-03-03 14:22:12.963)
    TRACE: /ButaneSplitter : cmdLoadFile ButaneSplitter (2020-03-03 14:22:12.978)
    TRACE: /ButaneSplitter/ProcessModel : cmdLoadFile ButaneSplitter (2020-03-03 14:22:12.978)
    TRACE: /ButaneSplitter/ProcessModel : Ack OK cmdLoadFile  (2020-03-03 14:22:13.931)
    TRACE: /ButaneSplitter : cmdSpeed  (2020-03-03 14:22:13.931)
    TRACE: /ButaneSplitter/ProcessModel : cmdSpeed  (2020-03-03 14:22:13.964)
    TRACE: /ButaneSplitter/ProcessModel : Ack OK cmdSpeed  (2020-03-03 14:22:13.980)
    TRACE: /ButaneSplitter : cmdSetTime  (2020-03-03 14:22:13.980)
    TRACE: /ButaneSplitter/ProcessModel : cmdSetTime  (2020-03-03 14:22:13.980)
    TRACE: /ButaneSplitter/ProcessModel : Ack OK cmdSetTime  (2020-03-03 14:22:14.013)
    INFO: Partner application "/Explorers/Mcl_17" connected. (2020-03-03 14:22:18.774)
    INFO: Partner application "/Explorers/Mcl_17" disconnected. (2020-03-03 14:22:24.401)
    TRACE: /ButaneSplitter : cmdSaveFile ButaneSplitter (2020-03-03 14:23:33.822)
    INFO: /ButaneSplitter : Saving model file "ButaneSplitter". (2020-03-03 14:23:33.822)
    TRACE: /ButaneSplitter : cmdSaveFile ButaneSplitter (2020-03-03 14:23:33.837)
    TRACE: /ButaneSplitter/ProcessModel : cmdSaveFile ButaneSplitter (2020-03-03 14:23:33.837)
    TRACE: /ButaneSplitter : cmdSaveFile ButaneSplitter (2020-03-03 14:23:33.853)
    TRACE: /ButaneSplitter : cmdSaveFile ButaneSplitter (2020-03-03 14:23:33.884)
    TRACE: /ButaneSplitter/ProcessModel : Ack OK cmdSaveFile  (2020-03-03 14:23:34.166)
    INFO: /ButaneSplitter : Saving parameter file "ButaneSplitter". (2020-03-03 14:23:34.197)
    TRACE: /ButaneSplitter : cmdSaveFile ButaneSplitter (2020-03-03 14:23:34.197)
    TRACE: /ButaneSplitter/ProcessModel : cmdSaveFile ButaneSplitter (2020-03-03 14:23:34.197)
    TRACE: /ButaneSplitter/ProcessModel : Ack OK cmdSaveFile  (2020-03-03 14:23:34.338)
    INFO: /ButaneSplitter : Saving initial condition file "ButaneSplitter". (2020-03-03 14:23:34.353)
    TRACE: /ButaneSplitter : cmdSaveFile ButaneSplitter (2020-03-03 14:23:34.353)
    TRACE: /ButaneSplitter/ProcessModel : cmdSaveFile ButaneSplitter (2020-03-03 14:23:34.353)
    TRACE: /ButaneSplitter/ProcessModel : Ack OK cmdSaveFile  (2020-03-03 14:23:35.557)
    INFO: Partner application "/Explorers/Explorer_5" disconnected. (2020-03-03 14:23:37.059)
    TRACE: /ButaneSplitter : eventDeactivate  (2020-03-03 14:23:53.806)
    TRACE: /ButaneSplitter : cmdStop  (2020-03-03 14:23:53.806)
    TRACE: /ButaneSplitter/ProcessModel : cmdStop  (2020-03-03 14:23:53.806)
    INFO: Partner application "/ButaneSplitter/ProcessModel" disconnected. (2020-03-03 14:23:54.493)
    TRACE: /ButaneSplitter/ProcessModel : Ack OK cmdStop  (2020-03-03 14:23:54.493)
    INFO: Terminated /ButaneSplitter (2020-03-03 14:23:54.493)
    INFO: Opened project : ButaneSplitter (2020-03-03 18:19:14.717)
    INFO: Project directory : Z:\Prosjekt\TTK4210\ButaneSplitter (2020-03-03 18:19:14.747)
    TRACE: /ButaneSplitter : cmdStart  (2020-03-03 18:19:14.901)
    TRACE: /ButaneSplitter/ProcessModel : cmdStart  (2020-03-03 18:19:14.901)
    WARNING: An exception occurred while writing to the log database. Error with code 19: "FOREIGN KEY constraint failed: constraint failed". (2020-03-03 18:19:16.760)
    INFO: Partner application "/Explorers/Explorer_4" connected. (2020-03-03 18:19:18.214)
    INFO: Partner application "/Explorers/Explorer_4" disconnected. (2020-03-03 18:19:19.236)
    INFO: Partner application "/Explorers/Explorer_5" connected. (2020-03-03 18:19:22.703)
    INFO: Partner application "/ButaneSplitter/ProcessModel" connected. (2020-03-03 18:19:23.430)
    TRACE: /ButaneSplitter/ProcessModel : Ack OK cmdStart  (2020-03-03 18:19:23.430)
    TRACE: /ButaneSplitter : cmdSetExecutionMode Engineering (2020-03-03 18:19:23.430)
    TRACE: /ButaneSplitter/ProcessModel : cmdSetExecutionMode Engineering (2020-03-03 18:19:23.447)
    TRACE: /ButaneSplitter/ProcessModel : Ack OK cmdSetExecutionMode  (2020-03-03 18:19:23.528)
    TRACE: /ButaneSplitter : cmdSetTime  (2020-03-03 18:19:23.528)
    TRACE: /ButaneSplitter/ProcessModel : cmdSetTime  (2020-03-03 18:19:23.545)
    TRACE: /ButaneSplitter/ProcessModel : Ack OK cmdSetTime  (2020-03-03 18:19:23.545)
    TRACE: /ButaneSplitter : cmdInitialize  (2020-03-03 18:19:23.561)
    TRACE: /ButaneSplitter/ProcessModel : cmdInitialize  (2020-03-03 18:19:23.562)
    TRACE: /ButaneSplitter/ProcessModel : Ack OK cmdInitialize  (2020-03-03 18:19:23.743)
    TRACE: /ButaneSplitter : cmdSetTime  (2020-03-03 18:19:23.743)
    TRACE: /ButaneSplitter/ProcessModel : cmdSetTime  (2020-03-03 18:19:23.743)
    TRACE: /ButaneSplitter/ProcessModel : Ack OK cmdSetTime  (2020-03-03 18:19:23.779)
    TRACE: /ButaneSplitter : cmdNotifyReloadStart  (2020-03-03 18:19:23.779)
    TRACE: /ButaneSplitter/ProcessModel : cmdNotifyReloadStart  (2020-03-03 18:19:23.779)
    TRACE: /ButaneSplitter/ProcessModel : Ack OK cmdNotifyReloadStart  (2020-03-03 18:19:23.793)
    INFO: /ButaneSplitter : Loading model file "ButaneSplitter". (2020-03-03 18:19:23.793)
    TRACE: /ButaneSplitter : cmdLoadFile ButaneSplitter (2020-03-03 18:19:23.810)
    TRACE: /ButaneSplitter/ProcessModel : cmdLoadFile ButaneSplitter (2020-03-03 18:19:23.810)
    TRACE: /ButaneSplitter/ProcessModel : Ack OK cmdLoadFile  (2020-03-03 18:19:24.684)
    TRACE: /ButaneSplitter : cmdRequestNamespace  (2020-03-03 18:19:24.684)
    TRACE: /ButaneSplitter/ProcessModel : cmdRequestNamespace  (2020-03-03 18:19:24.701)
    TRACE: /ButaneSplitter/ProcessModel : Ack OK cmdRequestNamespace  (2020-03-03 18:19:24.701)
    TRACE: /ButaneSplitter : cmdUpdateNamespace  (2020-03-03 18:19:24.701)
    TRACE: /ButaneSplitter/ProcessModel : cmdUpdateNamespace  (2020-03-03 18:19:24.717)
    TRACE: /ButaneSplitter/ProcessModel : Ack OK cmdUpdateNamespace  (2020-03-03 18:19:24.717)
    TRACE: /ButaneSplitter : cmdNotifyReloadFinished  (2020-03-03 18:19:24.717)
    TRACE: /ButaneSplitter/ProcessModel : cmdNotifyReloadFinished  (2020-03-03 18:19:24.717)
    TRACE: /ButaneSplitter/ProcessModel : Ack OK cmdNotifyReloadFinished  (2020-03-03 18:19:24.734)
    INFO: /ButaneSplitter : Loading parameter file "ButaneSplitter". (2020-03-03 18:19:24.734)
    TRACE: /ButaneSplitter : cmdLoadFile ButaneSplitter (2020-03-03 18:19:24.734)
    TRACE: /ButaneSplitter/ProcessModel : cmdLoadFile ButaneSplitter (2020-03-03 18:19:24.734)
    TRACE: /ButaneSplitter/ProcessModel : Ack OK cmdLoadFile  (2020-03-03 18:19:25.097)
    INFO: /ButaneSplitter : Loading initial condition file "ButaneSplitter". (2020-03-03 18:19:25.114)
    TRACE: /ButaneSplitter : cmdLoadFile ButaneSplitter (2020-03-03 18:19:25.114)
    TRACE: /ButaneSplitter/ProcessModel : cmdLoadFile ButaneSplitter (2020-03-03 18:19:25.114)
    TRACE: /ButaneSplitter/ProcessModel : Ack OK cmdLoadFile  (2020-03-03 18:19:26.352)
    TRACE: /ButaneSplitter : cmdSpeed  (2020-03-03 18:19:26.367)
    TRACE: /ButaneSplitter/ProcessModel : cmdSpeed  (2020-03-03 18:19:26.368)
    TRACE: /ButaneSplitter/ProcessModel : Ack OK cmdSpeed  (2020-03-03 18:19:26.368)
    TRACE: /ButaneSplitter : cmdSetTime  (2020-03-03 18:19:26.368)
    TRACE: /ButaneSplitter/ProcessModel : cmdSetTime  (2020-03-03 18:19:26.368)
    TRACE: /ButaneSplitter/ProcessModel : Ack OK cmdSetTime  (2020-03-03 18:19:26.368)
    TRACE: /ButaneSplitter : cmdCreateSubscriptions  (2020-03-03 18:19:26.385)
    TRACE: /ButaneSplitter/ProcessModel : cmdCreateSubscriptions  (2020-03-03 18:19:26.385)
    TRACE: /ButaneSplitter/ProcessModel : Ack OK cmdCreateSubscriptions  (2020-03-03 18:19:26.385)
    TRACE: /ButaneSplitter : cmdLoadFile ButaneSplitter (2020-03-03 18:20:22.421)
    TRACE: /ButaneSplitter : cmdNotifyReloadStart  (2020-03-03 18:20:22.426)
    TRACE: /ButaneSplitter/ProcessModel : cmdNotifyReloadStart  (2020-03-03 18:20:22.471)
    TRACE: /ButaneSplitter/ProcessModel : Ack OK cmdNotifyReloadStart  (2020-03-03 18:20:22.471)
    INFO: /ButaneSplitter : Loading model file "ButaneSplitter". (2020-03-03 18:20:22.485)
    TRACE: /ButaneSplitter : cmdLoadFile ButaneSplitter (2020-03-03 18:20:22.485)
    TRACE: /ButaneSplitter/ProcessModel : cmdLoadFile ButaneSplitter (2020-03-03 18:20:22.499)
    TRACE: /ButaneSplitter/ProcessModel : Ack OK cmdLoadFile  (2020-03-03 18:20:23.315)
    TRACE: /ButaneSplitter : cmdRequestNamespace  (2020-03-03 18:20:23.315)
    TRACE: /ButaneSplitter/ProcessModel : cmdRequestNamespace  (2020-03-03 18:20:23.315)
    TRACE: /ButaneSplitter/ProcessModel : Ack OK cmdRequestNamespace  (2020-03-03 18:20:23.330)
    TRACE: /ButaneSplitter : cmdUpdateNamespace  (2020-03-03 18:20:23.359)
    TRACE: /ButaneSplitter/ProcessModel : cmdUpdateNamespace  (2020-03-03 18:20:23.359)
    TRACE: /ButaneSplitter/ProcessModel : Ack OK cmdUpdateNamespace  (2020-03-03 18:20:23.406)
    TRACE: /ButaneSplitter : cmdNotifyReloadFinished  (2020-03-03 18:20:23.462)
    TRACE: /ButaneSplitter/ProcessModel : cmdNotifyReloadFinished  (2020-03-03 18:20:23.477)
    TRACE: /ButaneSplitter/ProcessModel : Ack OK cmdNotifyReloadFinished  (2020-03-03 18:20:23.491)
    TRACE: /ButaneSplitter : cmdLoadFile ButaneSplitter (2020-03-03 18:20:23.855)
    INFO: /ButaneSplitter : Loading parameter file "ButaneSplitter". (2020-03-03 18:20:23.855)
    TRACE: /ButaneSplitter : cmdLoadFile ButaneSplitter (2020-03-03 18:20:23.855)
    TRACE: /ButaneSplitter/ProcessModel : cmdLoadFile ButaneSplitter (2020-03-03 18:20:23.869)
    TRACE: /ButaneSplitter : cmdLoadFile ButaneSplitter (2020-03-03 18:20:23.869)
    TRACE: /ButaneSplitter/ProcessModel : Ack OK cmdLoadFile  (2020-03-03 18:20:24.276)
    INFO: /ButaneSplitter : Loading initial condition file "ButaneSplitter". (2020-03-03 18:20:24.276)
    TRACE: /ButaneSplitter : cmdLoadFile ButaneSplitter (2020-03-03 18:20:24.292)
    TRACE: /ButaneSplitter/ProcessModel : cmdLoadFile ButaneSplitter (2020-03-03 18:20:24.292)
    TRACE: /ButaneSplitter/ProcessModel : Ack OK cmdLoadFile  (2020-03-03 18:20:25.601)
    TRACE: /ButaneSplitter : cmdSpeed  (2020-03-03 18:20:25.601)
    TRACE: /ButaneSplitter/ProcessModel : cmdSpeed  (2020-03-03 18:20:25.616)
    TRACE: /ButaneSplitter/ProcessModel : Ack OK cmdSpeed  (2020-03-03 18:20:25.616)
    TRACE: /ButaneSplitter : cmdSetTime  (2020-03-03 18:20:25.616)
    TRACE: /ButaneSplitter/ProcessModel : cmdSetTime  (2020-03-03 18:20:25.616)
    TRACE: /ButaneSplitter/ProcessModel : Ack OK cmdSetTime  (2020-03-03 18:20:25.616)
    TRACE: /ButaneSplitter : cmdCreateSubscriptions  (2020-03-03 18:20:25.630)
    TRACE: /ButaneSplitter/ProcessModel : cmdCreateSubscriptions  (2020-03-03 18:20:25.630)
    TRACE: /ButaneSplitter/ProcessModel : Ack OK cmdCreateSubscriptions  (2020-03-03 18:20:25.630)
    TRACE: /ButaneSplitter : cmdLoadFile ButaneSplitter (2020-03-03 18:20:35.353)
    INFO: /ButaneSplitter : Loading initial condition file "ButaneSplitter". (2020-03-03 18:20:35.353)
    TRACE: /ButaneSplitter : cmdLoadFile ButaneSplitter (2020-03-03 18:20:35.353)
    TRACE: /ButaneSplitter/ProcessModel : cmdLoadFile ButaneSplitter (2020-03-03 18:20:35.353)
    TRACE: /ButaneSplitter/ProcessModel : Ack OK cmdLoadFile  (2020-03-03 18:20:36.480)
    TRACE: /ButaneSplitter : cmdSpeed  (2020-03-03 18:20:36.492)
    TRACE: /ButaneSplitter/ProcessModel : cmdSpeed  (2020-03-03 18:20:36.492)
    TRACE: /ButaneSplitter/ProcessModel : Ack OK cmdSpeed  (2020-03-03 18:20:36.504)
    TRACE: /ButaneSplitter : cmdSetTime  (2020-03-03 18:20:36.504)
    TRACE: /ButaneSplitter/ProcessModel : cmdSetTime  (2020-03-03 18:20:36.504)
    TRACE: /ButaneSplitter/ProcessModel : Ack OK cmdSetTime  (2020-03-03 18:20:36.681)
    INFO: Partner application "/Explorers/Mcl_6" connected. (2020-03-03 18:20:38.818)
    INFO: Partner application "/Explorers/Mcl_6" disconnected. (2020-03-03 18:20:42.050)
    TRACE: /ButaneSplitter : cmdInitialize  (2020-03-03 18:20:43.605)
    TRACE: /ButaneSplitter/ProcessModel : cmdInitialize  (2020-03-03 18:20:43.605)
    TRACE: /ButaneSplitter/ProcessModel : Ack OK cmdInitialize  (2020-03-03 18:20:57.534)
    TRACE: /ButaneSplitter : cmdRun  (2020-03-03 18:20:57.534)
    TRACE: /ButaneSplitter/ProcessModel : cmdRun  (2020-03-03 18:20:57.548)
    TRACE: /ButaneSplitter/ProcessModel : Ack OK cmdRun  (2020-03-03 18:20:57.548)
    TRACE: /ButaneSplitter : cmdFreeze  (2020-03-03 18:26:09.941)
    TRACE: /ButaneSplitter/ProcessModel : cmdFreeze  (2020-03-03 18:26:09.941)
    TRACE: /ButaneSplitter/ProcessModel : Ack OK cmdFreeze  (2020-03-03 18:26:09.941)
    TRACE: /ButaneSplitter : cmdLoadFile ButaneSplitter (2020-03-03 18:29:10.076)
    INFO: /ButaneSplitter : Loading initial condition file "ButaneSplitter". (2020-03-03 18:29:10.076)
    TRACE: /ButaneSplitter : cmdLoadFile ButaneSplitter (2020-03-03 18:29:10.092)
    TRACE: /ButaneSplitter/ProcessModel : cmdLoadFile ButaneSplitter (2020-03-03 18:29:10.092)
    TRACE: /ButaneSplitter/ProcessModel : Ack OK cmdLoadFile  (2020-03-03 18:29:11.342)
    TRACE: /ButaneSplitter : cmdSpeed  (2020-03-03 18:29:11.342)
    TRACE: /ButaneSplitter/ProcessModel : cmdSpeed  (2020-03-03 18:29:11.376)
    TRACE: /ButaneSplitter/ProcessModel : Ack OK cmdSpeed  (2020-03-03 18:29:11.389)
    TRACE: /ButaneSplitter : cmdSetTime  (2020-03-03 18:29:11.389)
    TRACE: /ButaneSplitter/ProcessModel : cmdSetTime  (2020-03-03 18:29:11.389)
    TRACE: /ButaneSplitter/ProcessModel : Ack OK cmdSetTime  (2020-03-03 18:29:11.405)
    INFO: Partner application "/Explorers/Mcl_7" connected. (2020-03-03 18:29:17.326)
    INFO: Partner application "/Explorers/Mcl_7" disconnected. (2020-03-03 18:29:22.671)
    TRACE: /ButaneSplitter : cmdInitialize  (2020-03-03 18:29:49.795)
    TRACE: /ButaneSplitter/ProcessModel : cmdInitialize  (2020-03-03 18:29:49.811)
    TRACE: /ButaneSplitter/ProcessModel : Ack OK cmdInitialize  (2020-03-03 18:29:51.157)
    TRACE: /ButaneSplitter : cmdRun  (2020-03-03 18:29:51.157)
    TRACE: /ButaneSplitter/ProcessModel : cmdRun  (2020-03-03 18:29:51.157)
    TRACE: /ButaneSplitter/ProcessModel : Ack OK cmdRun  (2020-03-03 18:29:51.170)
    TRACE: /ButaneSplitter : cmdFreeze  (2020-03-03 18:42:13.238)
    TRACE: /ButaneSplitter/ProcessModel : cmdFreeze  (2020-03-03 18:42:13.243)
    TRACE: /ButaneSplitter/ProcessModel : Ack OK cmdFreeze  (2020-03-03 18:42:13.245)
    INFO: Partner application "/Explorers/Explorer_5" disconnected. (2020-03-03 18:42:16.837)
    TRACE: /ButaneSplitter : eventDeactivate  (2020-03-03 18:42:21.291)
    TRACE: /ButaneSplitter : cmdStop  (2020-03-03 18:42:21.291)
    TRACE: /ButaneSplitter/ProcessModel : cmdStop  (2020-03-03 18:42:21.291)
    INFO: Partner application "/ButaneSplitter/ProcessModel" disconnected. (2020-03-03 18:42:21.853)
    TRACE: /ButaneSplitter/ProcessModel : Ack OK cmdStop  (2020-03-03 18:42:21.853)
    INFO: Terminated /ButaneSplitter (2020-03-03 18:42:21.853)
    INFO: Opened project : ButaneSplitter (2020-03-08 12:59:23.647)
    INFO: Project directory : Z:\Prosjekt\TTK4210\ButaneSplitter (2020-03-08 12:59:23.729)
    TRACE: /ButaneSplitter : cmdStart  (2020-03-08 12:59:24.214)
    TRACE: /ButaneSplitter/ProcessModel : cmdStart  (2020-03-08 12:59:24.214)
    WARNING: An exception occurred while writing to the log database. Error with code 19: "FOREIGN KEY constraint failed: constraint failed". (2020-03-08 12:59:28.295)
    INFO: Partner application "/Explorers/Explorer_4" connected. (2020-03-08 12:59:32.202)
    INFO: Partner application "/Explorers/Explorer_4" disconnected. (2020-03-08 12:59:33.264)
    INFO: Partner application "/Explorers/Explorer_5" connected. (2020-03-08 12:59:35.766)
    INFO: Partner application "/ButaneSplitter/ProcessModel" connected. (2020-03-08 12:59:42.601)
    TRACE: /ButaneSplitter/ProcessModel : Ack OK cmdStart  (2020-03-08 12:59:42.615)
    TRACE: /ButaneSplitter : cmdSetExecutionMode Engineering (2020-03-08 12:59:42.615)
    TRACE: /ButaneSplitter/ProcessModel : cmdSetExecutionMode Engineering (2020-03-08 12:59:42.615)
    TRACE: /ButaneSplitter/ProcessModel : Ack OK cmdSetExecutionMode  (2020-03-08 12:59:43.042)
    TRACE: /ButaneSplitter : cmdSetTime  (2020-03-08 12:59:43.042)
    TRACE: /ButaneSplitter/ProcessModel : cmdSetTime  (2020-03-08 12:59:43.042)
    TRACE: /ButaneSplitter/ProcessModel : Ack OK cmdSetTime  (2020-03-08 12:59:43.042)
    TRACE: /ButaneSplitter : cmdInitialize  (2020-03-08 12:59:43.056)
    TRACE: /ButaneSplitter/ProcessModel : cmdInitialize  (2020-03-08 12:59:43.056)
    TRACE: /ButaneSplitter/ProcessModel : Ack OK cmdInitialize  (2020-03-08 12:59:43.345)
    TRACE: /ButaneSplitter : cmdSetTime  (2020-03-08 12:59:43.345)
    TRACE: /ButaneSplitter/ProcessModel : cmdSetTime  (2020-03-08 12:59:43.345)
    TRACE: /ButaneSplitter/ProcessModel : Ack OK cmdSetTime  (2020-03-08 12:59:43.359)
    TRACE: /ButaneSplitter : cmdNotifyReloadStart  (2020-03-08 12:59:43.359)
    TRACE: /ButaneSplitter/ProcessModel : cmdNotifyReloadStart  (2020-03-08 12:59:43.359)
    TRACE: /ButaneSplitter/ProcessModel : Ack OK cmdNotifyReloadStart  (2020-03-08 12:59:43.373)
    INFO: /ButaneSplitter : Loading model file "ButaneSplitter". (2020-03-08 12:59:43.373)
    TRACE: /ButaneSplitter : cmdLoadFile ButaneSplitter (2020-03-08 12:59:43.387)
    TRACE: /ButaneSplitter/ProcessModel : cmdLoadFile ButaneSplitter (2020-03-08 12:59:43.387)
    TRACE: /ButaneSplitter/ProcessModel : Ack OK cmdLoadFile  (2020-03-08 12:59:44.642)
    TRACE: /ButaneSplitter : cmdRequestNamespace  (2020-03-08 12:59:44.642)
    TRACE: /ButaneSplitter/ProcessModel : cmdRequestNamespace  (2020-03-08 12:59:44.642)
    TRACE: /ButaneSplitter/ProcessModel : Ack OK cmdRequestNamespace  (2020-03-08 12:59:44.642)
    TRACE: /ButaneSplitter : cmdUpdateNamespace  (2020-03-08 12:59:44.655)
    TRACE: /ButaneSplitter/ProcessModel : cmdUpdateNamespace  (2020-03-08 12:59:44.655)
    TRACE: /ButaneSplitter/ProcessModel : Ack OK cmdUpdateNamespace  (2020-03-08 12:59:44.668)
    TRACE: /ButaneSplitter : cmdNotifyReloadFinished  (2020-03-08 12:59:44.668)
    TRACE: /ButaneSplitter/ProcessModel : cmdNotifyReloadFinished  (2020-03-08 12:59:44.668)
    TRACE: /ButaneSplitter/ProcessModel : Ack OK cmdNotifyReloadFinished  (2020-03-08 12:59:44.682)
    INFO: /ButaneSplitter : Loading parameter file "ButaneSplitter". (2020-03-08 12:59:44.682)
    TRACE: /ButaneSplitter : cmdLoadFile ButaneSplitter (2020-03-08 12:59:44.682)
    TRACE: /ButaneSplitter/ProcessModel : cmdLoadFile ButaneSplitter (2020-03-08 12:59:44.682)
    TRACE: /ButaneSplitter/ProcessModel : Ack OK cmdLoadFile  (2020-03-08 12:59:44.875)
    INFO: /ButaneSplitter : Loading initial condition file "ButaneSplitter". (2020-03-08 12:59:44.889)
    TRACE: /ButaneSplitter : cmdLoadFile ButaneSplitter (2020-03-08 12:59:44.889)
    TRACE: /ButaneSplitter/ProcessModel : cmdLoadFile ButaneSplitter (2020-03-08 12:59:44.889)
    TRACE: /ButaneSplitter/ProcessModel : Ack OK cmdLoadFile  (2020-03-08 12:59:45.702)
    TRACE: /ButaneSplitter : cmdSpeed  (2020-03-08 12:59:45.715)
    TRACE: /ButaneSplitter/ProcessModel : cmdSpeed  (2020-03-08 12:59:45.715)
    TRACE: /ButaneSplitter/ProcessModel : Ack OK cmdSpeed  (2020-03-08 12:59:45.715)
    TRACE: /ButaneSplitter : cmdSetTime  (2020-03-08 12:59:45.715)
    TRACE: /ButaneSplitter/ProcessModel : cmdSetTime  (2020-03-08 12:59:45.729)
    TRACE: /ButaneSplitter/ProcessModel : Ack OK cmdSetTime  (2020-03-08 12:59:45.744)
    TRACE: /ButaneSplitter : cmdCreateSubscriptions  (2020-03-08 12:59:45.756)
    TRACE: /ButaneSplitter/ProcessModel : cmdCreateSubscriptions  (2020-03-08 12:59:45.757)
    TRACE: /ButaneSplitter/ProcessModel : Ack OK cmdCreateSubscriptions  (2020-03-08 12:59:45.757)
    TRACE: /ButaneSplitter : cmdLoadFile ButaneSplitter (2020-03-08 13:00:08.034)
    TRACE: /ButaneSplitter : cmdNotifyReloadStart  (2020-03-08 13:00:08.049)
    TRACE: /ButaneSplitter/ProcessModel : cmdNotifyReloadStart  (2020-03-08 13:00:08.049)
    TRACE: /ButaneSplitter/ProcessModel : Ack OK cmdNotifyReloadStart  (2020-03-08 13:00:08.067)
    INFO: /ButaneSplitter : Loading model file "ButaneSplitter". (2020-03-08 13:00:08.079)
    TRACE: /ButaneSplitter : cmdLoadFile ButaneSplitter (2020-03-08 13:00:08.079)
    TRACE: /ButaneSplitter/ProcessModel : cmdLoadFile ButaneSplitter (2020-03-08 13:00:08.079)
    TRACE: /ButaneSplitter/ProcessModel : Ack OK cmdLoadFile  (2020-03-08 13:00:08.604)
    TRACE: /ButaneSplitter : cmdRequestNamespace  (2020-03-08 13:00:08.604)
    TRACE: /ButaneSplitter/ProcessModel : cmdRequestNamespace  (2020-03-08 13:00:08.619)
    TRACE: /ButaneSplitter/ProcessModel : Ack OK cmdRequestNamespace  (2020-03-08 13:00:08.619)
    TRACE: /ButaneSplitter : cmdUpdateNamespace  (2020-03-08 13:00:08.649)
    TRACE: /ButaneSplitter/ProcessModel : cmdUpdateNamespace  (2020-03-08 13:00:08.649)
    TRACE: /ButaneSplitter/ProcessModel : Ack OK cmdUpdateNamespace  (2020-03-08 13:00:08.664)
    TRACE: /ButaneSplitter : cmdNotifyReloadFinished  (2020-03-08 13:00:08.664)
    TRACE: /ButaneSplitter/ProcessModel : cmdNotifyReloadFinished  (2020-03-08 13:00:08.712)
    TRACE: /ButaneSplitter/ProcessModel : Ack OK cmdNotifyReloadFinished  (2020-03-08 13:00:08.724)
    TRACE: /ButaneSplitter : cmdLoadFile ButaneSplitter (2020-03-08 13:00:09.160)
    INFO: /ButaneSplitter : Loading parameter file "ButaneSplitter". (2020-03-08 13:00:09.160)
    TRACE: /ButaneSplitter : cmdLoadFile ButaneSplitter (2020-03-08 13:00:09.175)
    TRACE: /ButaneSplitter/ProcessModel : cmdLoadFile ButaneSplitter (2020-03-08 13:00:09.175)
    TRACE: /ButaneSplitter : cmdLoadFile ButaneSplitter (2020-03-08 13:00:09.175)
    TRACE: /ButaneSplitter/ProcessModel : Ack OK cmdLoadFile  (2020-03-08 13:00:09.444)
    INFO: /ButaneSplitter : Loading initial condition file "ButaneSplitter". (2020-03-08 13:00:09.460)
    TRACE: /ButaneSplitter : cmdLoadFile ButaneSplitter (2020-03-08 13:00:09.460)
    TRACE: /ButaneSplitter/ProcessModel : cmdLoadFile ButaneSplitter (2020-03-08 13:00:09.460)
    TRACE: /ButaneSplitter/ProcessModel : Ack OK cmdLoadFile  (2020-03-08 13:00:10.855)
    TRACE: /ButaneSplitter : cmdSpeed  (2020-03-08 13:00:10.871)
    TRACE: /ButaneSplitter/ProcessModel : cmdSpeed  (2020-03-08 13:00:10.871)
    TRACE: /ButaneSplitter/ProcessModel : Ack OK cmdSpeed  (2020-03-08 13:00:10.871)
    TRACE: /ButaneSplitter : cmdSetTime  (2020-03-08 13:00:10.871)
    TRACE: /ButaneSplitter/ProcessModel : cmdSetTime  (2020-03-08 13:00:10.871)
    TRACE: /ButaneSplitter/ProcessModel : Ack OK cmdSetTime  (2020-03-08 13:00:10.886)
    TRACE: /ButaneSplitter : cmdCreateSubscriptions  (2020-03-08 13:00:10.886)
    TRACE: /ButaneSplitter/ProcessModel : cmdCreateSubscriptions  (2020-03-08 13:00:10.886)
    TRACE: /ButaneSplitter/ProcessModel : Ack OK cmdCreateSubscriptions  (2020-03-08 13:00:10.886)
    INFO: Partner application "/Explorers/Explorer_5" disconnected. (2020-03-08 14:35:46.246)
    TRACE: /ButaneSplitter : eventDeactivate  (2020-03-08 14:35:56.994)
    TRACE: /ButaneSplitter : cmdStop  (2020-03-08 14:35:57.010)
    TRACE: /ButaneSplitter/ProcessModel : cmdStop  (2020-03-08 14:35:57.025)
    INFO: Partner application "/ButaneSplitter/ProcessModel" disconnected. (2020-03-08 14:36:03.183)
    TRACE: /ButaneSplitter/ProcessModel : Ack OK cmdStop  (2020-03-08 14:36:03.183)
    INFO: Terminated /ButaneSplitter (2020-03-08 14:36:03.197)
