     0000000:00:00  TRACE: Link between 24_VE_110_30 and 24_VE_110_32 is ignored while tracing links for network solver.
     0000000:00:00  TRACE: Link between 24_VE_110_32 and 24_VE_110_33 is ignored while tracing links for network solver.
     0000000:00:00  TRACE: Link between 24_VE_110_33 and 24_VE_110_34 is ignored while tracing links for network solver.
     0000000:00:00  TRACE: Link between 24_VE_110_34 and 24_VE_110_35 is ignored while tracing links for network solver.
     0000000:00:00  TRACE: Link between 24_VE_110_35 and 24_VE_110_36 is ignored while tracing links for network solver.
     0000000:00:00  TRACE: Link between 24_VE_110_36 and 24_VE_110_37 is ignored while tracing links for network solver.
     0000000:00:00  TRACE: Link between 24_VE_110_37 and 24_VE_110_38 is ignored while tracing links for network solver.
     0000000:00:00  TRACE: Link between 24_VE_110_38 and 24_VE_110_40 is ignored while tracing links for network solver.
     0000000:00:00  TRACE: Link between 24_VE_110_40 and 24_VE_110_41 is ignored while tracing links for network solver.
     0000000:00:00  TRACE: Link between 24_VE_110_41 and 24_VE_110_43 is ignored while tracing links for network solver.
     0000000:00:00  TRACE: Link between 24_VE_110_43 and 24_VE_110_44 is ignored while tracing links for network solver.
     0000000:00:00  TRACE: Link between 24_VE_110_44 and 24_VE_110_45 is ignored while tracing links for network solver.
     0000000:00:00  TRACE: Link between 24_VE_110_45 and 24_VE_110_46 is ignored while tracing links for network solver.
     0000000:00:00  TRACE: Link between 24_VE_110_46 and 24_VE_110_47 is ignored while tracing links for network solver.
     0000000:00:00  TRACE: Link between 24_VE_110_47 and 24_VE_110_49 is ignored while tracing links for network solver.
     0000000:00:00  TRACE: Link between 24_VE_110_49 and 24_VE_110_50 is ignored while tracing links for network solver.
     0000000:00:00  TRACE: Link between 24_VE_110_50 and 24_VE_110_51 is ignored while tracing links for network solver.
     0000000:00:00  TRACE: Link between 24_VE_110_51 and 24_VE_110_52 is ignored while tracing links for network solver.
     0000000:00:00  TRACE: Link between 24_VE_110_52 and 24_VE_110_54 is ignored while tracing links for network solver.
     0000000:00:00  TRACE: Link between 24_VE_110_54 and 24_VE_110_55 is ignored while tracing links for network solver.
     0000000:00:00  TRACE: Link between 24_VE_110_55 and 24_VE_110_56 is ignored while tracing links for network solver.
     0000000:00:00  TRACE: Link between 24_VE_110_56 and 24_VE_110_57 is ignored while tracing links for network solver.
     0000000:00:00  TRACE: Link between 24_VE_110_57 and 24_VE_110_59 is ignored while tracing links for network solver.
     0000000:00:00  TRACE: Link between 24_VE_110_59 and 24_VE_110_60 is ignored while tracing links for network solver.
     0000000:00:00  TRACE: Link between 24_VE_110_60 and 24_VE_110_61 is ignored while tracing links for network solver.
     0000000:00:00  TRACE: Link between 24_VE_110_61 and 24_VE_110_62 is ignored while tracing links for network solver.
     0000000:00:00  TRACE: Link between 24_VE_110_62 and 24_VE_110_64 is ignored while tracing links for network solver.
     0000000:00:00  TRACE: Link between 24_VE_110_64 and 24_VE_110_65 is ignored while tracing links for network solver.
     0000000:00:00  TRACE: Link between 24_VE_110_65 and 24_VE_110_66 is ignored while tracing links for network solver.
     0000000:00:00  TRACE: Link between 24_VE_110_66 and 24_VE_110_67 is ignored while tracing links for network solver.
     0000000:00:00  TRACE: Link between 24_VE_110_67 and 24_VE_110_69 is ignored while tracing links for network solver.
     0000000:00:00  TRACE: Link between 24_VE_110_69 and 24_VE_110_70 is ignored while tracing links for network solver.
     0000000:00:00  TRACE: Link between 24_VE_110_70 and 24_VE_110_71 is ignored while tracing links for network solver.
     0000000:00:00  TRACE: Link between 24_VE_110_71 and 24_VE_110_72 is ignored while tracing links for network solver.
     0000000:00:00  TRACE: Link between 24_VE_110_72 and 24_VE_110_73 is ignored while tracing links for network solver.
     0000000:00:00  TRACE: Link between 24_VE_110_73 and 24_VE_110_74 is ignored while tracing links for network solver.
     0000000:00:00  TRACE: Link between 24_VE_110_74 and 24_VE_110_75 is ignored while tracing links for network solver.
     0000000:00:00  TRACE: Link between 24_VE_110_75 and 24_VE_110_76 is ignored while tracing links for network solver.
     0000000:00:00  TRACE: Link between 24_VE_110_76 and 24_VE_110_77 is ignored while tracing links for network solver.
     0000000:00:00  TRACE: Link between 24_VE_110_77 and 24_VE_110_79 is ignored while tracing links for network solver.
     0000000:00:00  TRACE: Link between 24_VE_110_79 and 24_VE_110_80 is ignored while tracing links for network solver.
     0000000:00:00  TRACE: Link between 24_VE_110_80 and 24_VE_110_81 is ignored while tracing links for network solver.
     0000000:00:00  TRACE: Link between 24_VE_110_81 and 24_VE_110_82 is ignored while tracing links for network solver.
     0000000:00:00  TRACE: Link between 24_VE_110_82 and 24_VE_110_84 is ignored while tracing links for network solver.
     0000000:00:00  TRACE: Link between 24_VE_110_84 and 24_VE_110_85 is ignored while tracing links for network solver.
     0000000:00:00  TRACE: Link between 24_VE_110_85 and 24_VE_110_86 is ignored while tracing links for network solver.
     0000000:00:00  TRACE: Link between 24_VE_110_86 and 24_VE_110_87 is ignored while tracing links for network solver.
     0000000:00:00  TRACE: Link between 24_VE_110_87 and 24_VE_110_88 is ignored while tracing links for network solver.
     0000000:00:00  TRACE: Link between 24_VE_110_88 and 24_VE_110_90 is ignored while tracing links for network solver.
     0000000:00:00  TRACE: Link between 24_VE_110_90 and 24_VE_110_91 is ignored while tracing links for network solver.
     0000000:00:00  TRACE: Link between 24_VE_110_91 and 24_VE_110_92 is ignored while tracing links for network solver.
     0000000:00:00  TRACE: Link between 24VE110_Vap and 24_VE_110_sump is ignored while tracing links for network solver.
     0000000:00:00  TRACE: Link between 24VE110_Vap and 24_VE_110_01 is ignored while tracing links for network solver.
     0000000:00:00  TRACE: Link between 24VE110_Vap and 24_VE_110_02 is ignored while tracing links for network solver.
     0000000:00:00  TRACE: Link between 24VE110_Vap and 24_VE_110_04 is ignored while tracing links for network solver.
     0000000:00:00  TRACE: Link between 24VE110_Vap and 24_VE_110_05 is ignored while tracing links for network solver.
     0000000:00:00  TRACE: Link between 24VE110_Vap and 24_VE_110_06 is ignored while tracing links for network solver.
     0000000:00:00  TRACE: Link between 24VE110_Vap and 24_VE_110_08 is ignored while tracing links for network solver.
     0000000:00:00  TRACE: Link between 24VE110_Vap and 24_VE_110_09 is ignored while tracing links for network solver.
     0000000:00:00  TRACE: Link between 24VE110_Vap and 24_VE_110_10 is ignored while tracing links for network solver.
     0000000:00:00  TRACE: Link between 24VE110_Vap and 24_VE_110_12 is ignored while tracing links for network solver.
     0000000:00:00  TRACE: Link between 24VE110_Vap and 24_VE_110_13 is ignored while tracing links for network solver.
     0000000:00:00  TRACE: Link between 24VE110_Vap and 24_VE_110_14 is ignored while tracing links for network solver.
     0000000:00:00  TRACE: Link between 24VE110_Vap and 24_VE_110_15 is ignored while tracing links for network solver.
     0000000:00:00  TRACE: Link between 24VE110_Vap and 24_VE_110_16 is ignored while tracing links for network solver.
     0000000:00:00  TRACE: Link between 24VE110_Vap and 24_VE_110_17 is ignored while tracing links for network solver.
     0000000:00:00  TRACE: Link between 24VE110_Vap and 24_VE_110_18 is ignored while tracing links for network solver.
     0000000:00:00  TRACE: Link between 24VE110_Vap and 24_VE_110_19 is ignored while tracing links for network solver.
     0000000:00:00  TRACE: Link between 24VE110_Vap and 24_VE_110_21 is ignored while tracing links for network solver.
     0000000:00:00  TRACE: Link between 24VE110_Vap and 24_VE_110_22 is ignored while tracing links for network solver.
     0000000:00:00  TRACE: Link between 24VE110_Vap and 24_VE_110_24 is ignored while tracing links for network solver.
     0000000:00:00  TRACE: Link between 24VE110_Vap and 24_VE_110_25 is ignored while tracing links for network solver.
     0000000:00:00  TRACE: Link between 24VE110_Vap and 24_VE_110_26 is ignored while tracing links for network solver.
     0000000:00:00  TRACE: Link between 24VE110_Vap and 24_VE_110_28 is ignored while tracing links for network solver.
     0000000:00:00  TRACE: Link between 24VE110_Vap and 24_VE_110_29 is ignored while tracing links for network solver.
     0000000:00:00  TRACE: Link between 24VE110_Vap and 24_VE_110_30 is ignored while tracing links for network solver.
     0000000:00:00  TRACE: Link between 24VE110_Vap and 24_VE_110_32 is ignored while tracing links for network solver.
     0000000:00:00  TRACE: Link between 24VE110_Vap and 24_VE_110_33 is ignored while tracing links for network solver.
     0000000:00:00  TRACE: Link between 24VE110_Vap and 24_VE_110_34 is ignored while tracing links for network solver.
     0000000:00:00  TRACE: Link between 24VE110_Vap and 24_VE_110_35 is ignored while tracing links for network solver.
     0000000:00:00  TRACE: Link between 24VE110_Vap and 24_VE_110_36 is ignored while tracing links for network solver.
     0000000:00:00  TRACE: Link between 24VE110_Vap and 24_VE_110_37 is ignored while tracing links for network solver.
     0000000:00:00  TRACE: Link between 24VE110_Vap and 24_VE_110_38 is ignored while tracing links for network solver.
     0000000:00:00  TRACE: Link between 24VE110_Vap and 24_VE_110_40 is ignored while tracing links for network solver.
     0000000:00:00  TRACE: Link between 24VE110_Vap and 24_VE_110_41 is ignored while tracing links for network solver.
     0000000:00:00  TRACE: Link between 24VE110_Vap and 24_VE_110_43 is ignored while tracing links for network solver.
     0000000:00:00  TRACE: Link between 24VE110_Vap and 24_VE_110_44 is ignored while tracing links for network solver.
     0000000:00:00  TRACE: Link between 24VE110_Vap and 24_VE_110_45 is ignored while tracing links for network solver.
     0000000:00:00  TRACE: Link between 24VE110_Vap and 24_VE_110_46 is ignored while tracing links for network solver.
     0000000:00:00  TRACE: Link between 24VE110_Vap and 24_VE_110_47 is ignored while tracing links for network solver.
     0000000:00:00  TRACE: Link between 24VE110_Vap and 24_VE_110_49 is ignored while tracing links for network solver.
     0000000:00:00  TRACE: Link between 24VE110_Vap and 24_VE_110_50 is ignored while tracing links for network solver.
     0000000:00:00  TRACE: Link between 24VE110_Vap and 24_VE_110_51 is ignored while tracing links for network solver.
     0000000:00:00  TRACE: Link between 24VE110_Vap and 24_VE_110_52 is ignored while tracing links for network solver.
     0000000:00:00  TRACE: Link between 24VE110_Vap and 24_VE_110_54 is ignored while tracing links for network solver.
     0000000:00:00  TRACE: Link between 24VE110_Vap and 24_VE_110_55 is ignored while tracing links for network solver.
     0000000:00:00  TRACE: Link between 24VE110_Vap and 24_VE_110_56 is ignored while tracing links for network solver.
     0000000:00:00  TRACE: Link between 24VE110_Vap and 24_VE_110_57 is ignored while tracing links for network solver.
     0000000:00:00  TRACE: Link between 24VE110_Vap and 24_VE_110_59 is ignored while tracing links for network solver.
     0000000:00:00  TRACE: Link between 24VE110_Vap and 24_VE_110_60 is ignored while tracing links for network solver.
     0000000:00:00  TRACE: Link between 24VE110_Vap and 24_VE_110_61 is ignored while tracing links for network solver.
     0000000:00:00  TRACE: Link between 24VE110_Vap and 24_VE_110_62 is ignored while tracing links for network solver.
     0000000:00:00  TRACE: Link between 24VE110_Vap and 24_VE_110_64 is ignored while tracing links for network solver.
     0000000:00:00  TRACE: Link between 24VE110_Vap and 24_VE_110_65 is ignored while tracing links for network solver.
     0000000:00:00  TRACE: Link between 24VE110_Vap and 24_VE_110_67 is ignored while tracing links for network solver.
     0000000:00:00  TRACE: Link between 24VE110_Vap and 24_VE_110_69 is ignored while tracing links for network solver.
     0000000:00:00  TRACE: Link between 24VE110_Vap and 24_VE_110_70 is ignored while tracing links for network solver.
     0000000:00:00  TRACE: Link between 24VE110_Vap and 24_VE_110_71 is ignored while tracing links for network solver.
     0000000:00:00  TRACE: Link between 24VE110_Vap and 24_VE_110_72 is ignored while tracing links for network solver.
     0000000:00:00  TRACE: Link between 24VE110_Vap and 24_VE_110_73 is ignored while tracing links for network solver.
     0000000:00:00  TRACE: Link between 24VE110_Vap and 24_VE_110_74 is ignored while tracing links for network solver.
     0000000:00:00  TRACE: Link between 24VE110_Vap and 24_VE_110_75 is ignored while tracing links for network solver.
     0000000:00:00  TRACE: Link between 24VE110_Vap and 24_VE_110_76 is ignored while tracing links for network solver.
     0000000:00:00  TRACE: Link between 24VE110_Vap and 24_VE_110_77 is ignored while tracing links for network solver.
     0000000:00:00  TRACE: Link between 24VE110_Vap and 24_VE_110_79 is ignored while tracing links for network solver.
     0000000:00:00  TRACE: Link between 24VE110_Vap and 24_VE_110_80 is ignored while tracing links for network solver.
     0000000:00:00  TRACE: Link between 24VE110_Vap and 24_VE_110_81 is ignored while tracing links for network solver.
     0000000:00:00  TRACE: Link between 24VE110_Vap and 24_VE_110_82 is ignored while tracing links for network solver.
     0000000:00:00  TRACE: Link between 24VE110_Vap and 24_VE_110_84 is ignored while tracing links for network solver.
     0000000:00:00  TRACE: Link between 24VE110_Vap and 24_VE_110_85 is ignored while tracing links for network solver.
     0000000:00:00  TRACE: Link between 24VE110_Vap and 24_VE_110_86 is ignored while tracing links for network solver.
     0000000:00:00  TRACE: Link between 24VE110_Vap and 24_VE_110_87 is ignored while tracing links for network solver.
     0000000:00:00  TRACE: Link between 24VE110_Vap and 24_VE_110_88 is ignored while tracing links for network solver.
     0000000:00:00  TRACE: Link between 24VE110_Vap and 24_VE_110_90 is ignored while tracing links for network solver.
     0000000:00:00  TRACE: Link between 24VE110_Vap and 24_VE_110_91 is ignored while tracing links for network solver.
     0000000:00:00  TRACE: Link between 24VE110_Vap and 24_VE_110_92 is ignored while tracing links for network solver.
     0000000:00:00  TRACE: Link between 24VE110_Lic and 24_VE_110_sump is ignored while tracing links for network solver.
     0000000:00:00  TRACE: Link between 24VE110_Lic and 24_VE_110_01 is ignored while tracing links for network solver.
     0000000:00:00  TRACE: Link between 24VE110_Lic and 24_VE_110_02 is ignored while tracing links for network solver.
     0000000:00:00  TRACE: Link between 24VE110_Lic and 24_VE_110_04 is ignored while tracing links for network solver.
     0000000:00:00  TRACE: Link between 24VE110_Lic and 24_VE_110_05 is ignored while tracing links for network solver.
     0000000:00:00  TRACE: Link between 24VE110_Lic and 24_VE_110_06 is ignored while tracing links for network solver.
     0000000:00:00  TRACE: Link between 24VE110_Lic and 24_VE_110_08 is ignored while tracing links for network solver.
     0000000:00:00  TRACE: Link between 24VE110_Lic and 24_VE_110_09 is ignored while tracing links for network solver.
     0000000:00:00  TRACE: Link between 24VE110_Lic and 24_VE_110_10 is ignored while tracing links for network solver.
     0000000:00:00  TRACE: Link between 24VE110_Lic and 24_VE_110_12 is ignored while tracing links for network solver.
     0000000:00:00  TRACE: Link between 24VE110_Lic and 24_VE_110_13 is ignored while tracing links for network solver.
     0000000:00:00  TRACE: Link between 24VE110_Lic and 24_VE_110_14 is ignored while tracing links for network solver.
     0000000:00:00  TRACE: Link between 24VE110_Lic and 24_VE_110_15 is ignored while tracing links for network solver.
     0000000:00:00  TRACE: Link between 24VE110_Lic and 24_VE_110_16 is ignored while tracing links for network solver.
     0000000:00:00  TRACE: Link between 24VE110_Lic and 24_VE_110_17 is ignored while tracing links for network solver.
     0000000:00:00  TRACE: Link between 24VE110_Lic and 24_VE_110_18 is ignored while tracing links for network solver.
     0000000:00:00  TRACE: Link between 24VE110_Lic and 24_VE_110_19 is ignored while tracing links for network solver.
     0000000:00:00  TRACE: Link between 24VE110_Lic and 24_VE_110_21 is ignored while tracing links for network solver.
     0000000:00:00  TRACE: Link between 24VE110_Lic and 24_VE_110_22 is ignored while tracing links for network solver.
     0000000:00:00  TRACE: Link between 24VE110_Lic and 24_VE_110_24 is ignored while tracing links for network solver.
     0000000:00:00  TRACE: Link between 24VE110_Lic and 24_VE_110_25 is ignored while tracing links for network solver.
     0000000:00:00  TRACE: Link between 24VE110_Lic and 24_VE_110_26 is ignored while tracing links for network solver.
     0000000:00:00  TRACE: Link between 24VE110_Lic and 24_VE_110_28 is ignored while tracing links for network solver.
     0000000:00:00  TRACE: Link between 24VE110_Lic and 24_VE_110_29 is ignored while tracing links for network solver.
     0000000:00:00  TRACE: Link between 24VE110_Lic and 24_VE_110_30 is ignored while tracing links for network solver.
     0000000:00:00  TRACE: Link between 24VE110_Lic and 24_VE_110_32 is ignored while tracing links for network solver.
     0000000:00:00  TRACE: Link between 24VE110_Lic and 24_VE_110_33 is ignored while tracing links for network solver.
     0000000:00:00  TRACE: Link between 24VE110_Lic and 24_VE_110_34 is ignored while tracing links for network solver.
     0000000:00:00  TRACE: Link between 24VE110_Lic and 24_VE_110_35 is ignored while tracing links for network solver.
     0000000:00:00  TRACE: Link between 24VE110_Lic and 24_VE_110_36 is ignored while tracing links for network solver.
     0000000:00:00  TRACE: Link between 24VE110_Lic and 24_VE_110_37 is ignored while tracing links for network solver.
     0000000:00:00  TRACE: Link between 24VE110_Lic and 24_VE_110_38 is ignored while tracing links for network solver.
     0000000:00:00  TRACE: Link between 24VE110_Lic and 24_VE_110_40 is ignored while tracing links for network solver.
     0000000:00:00  TRACE: Link between 24VE110_Lic and 24_VE_110_41 is ignored while tracing links for network solver.
     0000000:00:00  TRACE: Link between 24VE110_Lic and 24_VE_110_43 is ignored while tracing links for network solver.
     0000000:00:00  TRACE: Link between 24VE110_Lic and 24_VE_110_44 is ignored while tracing links for network solver.
     0000000:00:00  TRACE: Link between 24VE110_Lic and 24_VE_110_45 is ignored while tracing links for network solver.
     0000000:00:00  TRACE: Link between 24VE110_Lic and 24_VE_110_46 is ignored while tracing links for network solver.
     0000000:00:00  TRACE: Link between 24VE110_Lic and 24_VE_110_47 is ignored while tracing links for network solver.
     0000000:00:00  TRACE: Link between 24VE110_Lic and 24_VE_110_49 is ignored while tracing links for network solver.
     0000000:00:00  TRACE: Link between 24VE110_Lic and 24_VE_110_50 is ignored while tracing links for network solver.
     0000000:00:00  TRACE: Link between 24VE110_Lic and 24_VE_110_51 is ignored while tracing links for network solver.
     0000000:00:00  TRACE: Link between 24VE110_Lic and 24_VE_110_52 is ignored while tracing links for network solver.
     0000000:00:00  TRACE: Link between 24VE110_Lic and 24_VE_110_54 is ignored while tracing links for network solver.
     0000000:00:00  TRACE: Link between 24VE110_Lic and 24_VE_110_55 is ignored while tracing links for network solver.
     0000000:00:00  TRACE: Link between 24VE110_Lic and 24_VE_110_56 is ignored while tracing links for network solver.
     0000000:00:00  TRACE: Link between 24VE110_Lic and 24_VE_110_57 is ignored while tracing links for network solver.
     0000000:00:00  TRACE: Link between 24VE110_Lic and 24_VE_110_59 is ignored while tracing links for network solver.
     0000000:00:00  TRACE: Link between 24VE110_Lic and 24_VE_110_60 is ignored while tracing links for network solver.
     0000000:00:00  TRACE: Link between 24VE110_Lic and 24_VE_110_61 is ignored while tracing links for network solver.
     0000000:00:00  TRACE: Link between 24VE110_Lic and 24_VE_110_62 is ignored while tracing links for network solver.
     0000000:00:00  TRACE: Link between 24VE110_Lic and 24_VE_110_64 is ignored while tracing links for network solver.
     0000000:00:00  TRACE: Link between 24VE110_Lic and 24_VE_110_65 is ignored while tracing links for network solver.
     0000000:00:00  TRACE: Link between 24VE110_Lic and 24_VE_110_67 is ignored while tracing links for network solver.
     0000000:00:00  TRACE: Link between 24VE110_Lic and 24_VE_110_69 is ignored while tracing links for network solver.
     0000000:00:00  TRACE: Link between 24VE110_Lic and 24_VE_110_70 is ignored while tracing links for network solver.
     0000000:00:00  TRACE: Link between 24VE110_Lic and 24_VE_110_71 is ignored while tracing links for network solver.
     0000000:00:00  TRACE: Link between 24VE110_Lic and 24_VE_110_72 is ignored while tracing links for network solver.
     0000000:00:00  TRACE: Link between 24VE110_Lic and 24_VE_110_73 is ignored while tracing links for network solver.
     0000000:00:00  TRACE: Link between 24VE110_Lic and 24_VE_110_74 is ignored while tracing links for network solver.
     0000000:00:00  TRACE: Link between 24VE110_Lic and 24_VE_110_75 is ignored while tracing links for network solver.
     0000000:00:00  TRACE: Link between 24VE110_Lic and 24_VE_110_76 is ignored while tracing links for network solver.
     0000000:00:00  TRACE: Link between 24VE110_Lic and 24_VE_110_77 is ignored while tracing links for network solver.
     0000000:00:00  TRACE: Link between 24VE110_Lic and 24_VE_110_79 is ignored while tracing links for network solver.
     0000000:00:00  TRACE: Link between 24VE110_Lic and 24_VE_110_80 is ignored while tracing links for network solver.
     0000000:00:00  TRACE: Link between 24VE110_Lic and 24_VE_110_81 is ignored while tracing links for network solver.
     0000000:00:00  TRACE: Link between 24VE110_Lic and 24_VE_110_82 is ignored while tracing links for network solver.
     0000000:00:00  TRACE: Link between 24VE110_Lic and 24_VE_110_84 is ignored while tracing links for network solver.
     0000000:00:00  TRACE: Link between 24VE110_Lic and 24_VE_110_85 is ignored while tracing links for network solver.
     0000000:00:00  TRACE: Link between 24VE110_Lic and 24_VE_110_86 is ignored while tracing links for network solver.
     0000000:00:00  TRACE: Link between 24VE110_Lic and 24_VE_110_87 is ignored while tracing links for network solver.
     0000000:00:00  TRACE: Link between 24VE110_Lic and 24_VE_110_88 is ignored while tracing links for network solver.
     0000000:00:00  TRACE: Link between 24VE110_Lic and 24_VE_110_90 is ignored while tracing links for network solver.
     0000000:00:00  TRACE: Link between 24VE110_Lic and 24_VE_110_91 is ignored while tracing links for network solver.
     0000000:00:00  TRACE: Link between 24VE110_Lic and 24_VE_110_92 is ignored while tracing links for network solver.
     0000000:00:00  INFO: Loading the available thermo packages.
     0000000:00:00  INFO: The thermo package "ThermoTable" has been loaded.
     0000000:00:00  INFO: Thermo file directory: Z:\Prosjekt\TTK4210\ButaneSplitter\TimeLines\ButaneSplitter\CommonData
     0000000:00:00  INFO: ThermoControl: Loading ThermoDynamic Property data.
     0000000:00:00  PROGRESS: ThermoControl: Loading thermo method No  1 of 20.
     0000000:00:00  INFO: Loading thermo table: sect301     .
     0000000:00:00  PROGRESS: ThermoControl: Loading thermo method No  2 of 20.
     0000000:00:00  INFO: Loading thermo table: sect302     .
     0000000:00:00  PROGRESS: ThermoControl: Loading thermo method No  3 of 20.
     0000000:00:00  INFO: Loading thermo table: sect303     .
     0000000:00:00  PROGRESS: ThermoControl: Loading thermo method No  4 of 20.
     0000000:00:00  INFO: Loading thermo table: sect304     .
     0000000:00:00  PROGRESS: ThermoControl: Loading thermo method No  5 of 20.
     0000000:00:00  INFO: Loading thermo table: sect305     .
     0000000:00:00  PROGRESS: ThermoControl: Loading thermo method No  6 of 20.
     0000000:00:00  INFO: Loading thermo table: sect306     .
     0000000:00:00  PROGRESS: ThermoControl: Loading thermo method No  7 of 20.
     0000000:00:00  INFO: Loading thermo table: sect307     .
     0000000:00:00  PROGRESS: ThermoControl: Loading thermo method No  8 of 20.
     0000000:00:00  INFO: Loading thermo table: sect308     .
     0000000:00:00  PROGRESS: ThermoControl: Loading thermo method No  9 of 20.
     0000000:00:00  INFO: Loading thermo table: sect309     .
     0000000:00:00  PROGRESS: ThermoControl: Loading thermo method No 10 of 20.
     0000000:00:00  INFO: Loading thermo table: sect310     .
     0000000:00:00  PROGRESS: ThermoControl: Loading thermo method No 11 of 20.
     0000000:00:00  INFO: Loading thermo table: sect311     .
     0000000:00:00  PROGRESS: ThermoControl: Loading thermo method No 12 of 20.
     0000000:00:00  INFO: Loading thermo table: sect312     .
     0000000:00:00  PROGRESS: ThermoControl: Loading thermo method No 13 of 20.
     0000000:00:00  INFO: Loading thermo table: sect313     .
     0000000:00:00  PROGRESS: ThermoControl: Loading thermo method No 14 of 20.
     0000000:00:00  INFO: Loading thermo table: sect314     .
     0000000:00:00  PROGRESS: ThermoControl: Loading thermo method No 15 of 20.
     0000000:00:00  INFO: Loading thermo table: sect315     .
     0000000:00:00  PROGRESS: ThermoControl: Loading thermo method No 16 of 20.
     0000000:00:00  INFO: Loading thermo table: sect316     .
     0000000:00:00  PROGRESS: ThermoControl: Loading thermo method No 17 of 20.
     0000000:00:00  INFO: Loading thermo table: sect317     .
     0000000:00:00  PROGRESS: ThermoControl: Loading thermo method No 18 of 20.
     0000000:00:00  INFO: Loading thermo table: sect318     .
     0000000:00:00  PROGRESS: ThermoControl: Loading thermo method No 19 of 20.
     0000000:00:00  INFO: Loading thermo table: sect319     .
     0000000:00:00  PROGRESS: ThermoControl: Loading thermo method No 20 of 20.
     0000000:00:00  INFO: Loading thermo table: sect320     .
     0000000:00:00  INFO: ThermoControl: Number of thermodynamic methods loaded: 20
     0000000:00:00  INFO: Model polling time set to 0.01 seconds.
     0000000:00:00  WARNING: The trend polling times are not consistent with block execution times.
     0000000:00:00  TRACE: Model Initialization. Time elapsed: 13,928 ms.
     0000000:00:00  PROGRESS: Model initialisation Complete.
     0000000:30:16  TRACE: Reading file Z:\Prosjekt\TTK4210\ButaneSplitter\Timelines\ButaneSplitter\Applications\ProcessModel\ButaneSplitter.val.
     0000000:30:16  TRACE: Z:\Prosjekt\TTK4210\ButaneSplitter\Timelines\ButaneSplitter\Applications\ProcessModel\ButaneSplitter.val. Time elapsed: 1,155 ms.
     0000000:00:00  ERROR: "24_TC108:DerivativeTime@V_typemask": Cannot find DataItem being requested based on tagname or block type.
     0000000:00:00  ERROR: "24_PCD1025:Gain@V_typemask": Cannot find DataItem being requested based on tagname or block type.
     0000000:00:00  ERROR: "24_PCD1025:IntegralTime@V_typemask": Cannot find DataItem being requested based on tagname or block type.
     0000000:00:00  ERROR: "24_PCD1025:DerivativeTime@V_typemask": Cannot find DataItem being requested based on tagname or block type.
     0000000:00:00  INFO: Initialising....
     0000000:00:00  TRACE: Link between 24_VE_110_sump and 24_VE_110_01 is ignored while tracing links for network solver.
     0000000:00:00  TRACE: Link between 24_VE_110_01 and 24_VE_110_02 is ignored while tracing links for network solver.
     0000000:00:00  TRACE: Link between 24_VE_110_02 and 24_VE_110_04 is ignored while tracing links for network solver.
     0000000:00:00  TRACE: Link between 24_VE_110_04 and 24_VE_110_05 is ignored while tracing links for network solver.
     0000000:00:00  TRACE: Link between 24_VE_110_05 and 24_VE_110_06 is ignored while tracing links for network solver.
     0000000:00:00  TRACE: Link between 24_VE_110_06 and 24_VE_110_08 is ignored while tracing links for network solver.
     0000000:00:00  TRACE: Link between 24_VE_110_08 and 24_VE_110_09 is ignored while tracing links for network solver.
     0000000:00:00  TRACE: Link between 24_VE_110_09 and 24_VE_110_10 is ignored while tracing links for network solver.
     0000000:00:00  TRACE: Link between 24_VE_110_10 and 24_VE_110_12 is ignored while tracing links for network solver.
     0000000:00:00  TRACE: Link between 24_VE_110_12 and 24_VE_110_13 is ignored while tracing links for network solver.
     0000000:00:00  TRACE: Link between 24_VE_110_13 and 24_VE_110_14 is ignored while tracing links for network solver.
     0000000:00:00  TRACE: Link between 24_VE_110_14 and 24_VE_110_15 is ignored while tracing links for network solver.
     0000000:00:00  TRACE: Link between 24_VE_110_15 and 24_VE_110_16 is ignored while tracing links for network solver.
     0000000:00:00  TRACE: Link between 24_VE_110_16 and 24_VE_110_17 is ignored while tracing links for network solver.
     0000000:00:00  TRACE: Link between 24_VE_110_17 and 24_VE_110_18 is ignored while tracing links for network solver.
     0000000:00:00  TRACE: Link between 24_VE_110_18 and 24_VE_110_19 is ignored while tracing links for network solver.
     0000000:00:00  TRACE: Link between 24_VE_110_19 and 24_VE_110_21 is ignored while tracing links for network solver.
     0000000:00:00  TRACE: Link between 24_VE_110_21 and 24_VE_110_22 is ignored while tracing links for network solver.
     0000000:00:00  TRACE: Link between 24_VE_110_22 and 24_VE_110_24 is ignored while tracing links for network solver.
     0000000:00:00  TRACE: Link between 24_VE_110_24 and 24_VE_110_25 is ignored while tracing links for network solver.
     0000000:00:00  TRACE: Link between 24_VE_110_25 and 24_VE_110_26 is ignored while tracing links for network solver.
     0000000:00:00  TRACE: Link between 24_VE_110_26 and 24_VE_110_28 is ignored while tracing links for network solver.
     0000000:00:00  TRACE: Link between 24_VE_110_28 and 24_VE_110_29 is ignored while tracing links for network solver.
     0000000:00:00  TRACE: Link between 24_VE_110_29 and 24_VE_110_30 is ignored while tracing links for network solver.
     0000000:00:00  TRACE: Link between 24_VE_110_30 and 24_VE_110_32 is ignored while tracing links for network solver.
     0000000:00:00  TRACE: Link between 24_VE_110_32 and 24_VE_110_33 is ignored while tracing links for network solver.
     0000000:00:00  TRACE: Link between 24_VE_110_33 and 24_VE_110_34 is ignored while tracing links for network solver.
     0000000:00:00  TRACE: Link between 24_VE_110_34 and 24_VE_110_35 is ignored while tracing links for network solver.
     0000000:00:00  TRACE: Link between 24_VE_110_35 and 24_VE_110_36 is ignored while tracing links for network solver.
     0000000:00:00  TRACE: Link between 24_VE_110_36 and 24_VE_110_37 is ignored while tracing links for network solver.
     0000000:00:00  TRACE: Link between 24_VE_110_37 and 24_VE_110_38 is ignored while tracing links for network solver.
     0000000:00:00  TRACE: Link between 24_VE_110_38 and 24_VE_110_40 is ignored while tracing links for network solver.
     0000000:00:00  TRACE: Link between 24_VE_110_40 and 24_VE_110_41 is ignored while tracing links for network solver.
     0000000:00:00  TRACE: Link between 24_VE_110_41 and 24_VE_110_43 is ignored while tracing links for network solver.
     0000000:00:00  TRACE: Link between 24_VE_110_43 and 24_VE_110_44 is ignored while tracing links for network solver.
     0000000:00:00  TRACE: Link between 24_VE_110_44 and 24_VE_110_45 is ignored while tracing links for network solver.
     0000000:00:00  TRACE: Link between 24_VE_110_45 and 24_VE_110_46 is ignored while tracing links for network solver.
     0000000:00:00  TRACE: Link between 24_VE_110_46 and 24_VE_110_47 is ignored while tracing links for network solver.
     0000000:00:00  TRACE: Link between 24_VE_110_47 and 24_VE_110_49 is ignored while tracing links for network solver.
     0000000:00:00  TRACE: Link between 24_VE_110_49 and 24_VE_110_50 is ignored while tracing links for network solver.
     0000000:00:00  TRACE: Link between 24_VE_110_50 and 24_VE_110_51 is ignored while tracing links for network solver.
     0000000:00:00  TRACE: Link between 24_VE_110_51 and 24_VE_110_52 is ignored while tracing links for network solver.
     0000000:00:00  TRACE: Link between 24_VE_110_52 and 24_VE_110_54 is ignored while tracing links for network solver.
     0000000:00:00  TRACE: Link between 24_VE_110_54 and 24_VE_110_55 is ignored while tracing links for network solver.
     0000000:00:00  TRACE: Link between 24_VE_110_55 and 24_VE_110_56 is ignored while tracing links for network solver.
     0000000:00:00  TRACE: Link between 24_VE_110_56 and 24_VE_110_57 is ignored while tracing links for network solver.
     0000000:00:00  TRACE: Link between 24_VE_110_57 and 24_VE_110_59 is ignored while tracing links for network solver.
     0000000:00:00  TRACE: Link between 24_VE_110_59 and 24_VE_110_60 is ignored while tracing links for network solver.
     0000000:00:00  TRACE: Link between 24_VE_110_60 and 24_VE_110_61 is ignored while tracing links for network solver.
     0000000:00:00  TRACE: Link between 24_VE_110_61 and 24_VE_110_62 is ignored while tracing links for network solver.
     0000000:00:00  TRACE: Link between 24_VE_110_62 and 24_VE_110_64 is ignored while tracing links for network solver.
     0000000:00:00  TRACE: Link between 24_VE_110_64 and 24_VE_110_65 is ignored while tracing links for network solver.
     0000000:00:00  TRACE: Link between 24_VE_110_65 and 24_VE_110_66 is ignored while tracing links for network solver.
     0000000:00:00  TRACE: Link between 24_VE_110_66 and 24_VE_110_67 is ignored while tracing links for network solver.
     0000000:00:00  TRACE: Link between 24_VE_110_67 and 24_VE_110_69 is ignored while tracing links for network solver.
     0000000:00:00  TRACE: Link between 24_VE_110_69 and 24_VE_110_70 is ignored while tracing links for network solver.
     0000000:00:00  TRACE: Link between 24_VE_110_70 and 24_VE_110_71 is ignored while tracing links for network solver.
     0000000:00:00  TRACE: Link between 24_VE_110_71 and 24_VE_110_72 is ignored while tracing links for network solver.
     0000000:00:00  TRACE: Link between 24_VE_110_72 and 24_VE_110_73 is ignored while tracing links for network solver.
     0000000:00:00  TRACE: Link between 24_VE_110_73 and 24_VE_110_74 is ignored while tracing links for network solver.
     0000000:00:00  TRACE: Link between 24_VE_110_74 and 24_VE_110_75 is ignored while tracing links for network solver.
     0000000:00:00  TRACE: Link between 24_VE_110_75 and 24_VE_110_76 is ignored while tracing links for network solver.
     0000000:00:00  TRACE: Link between 24_VE_110_76 and 24_VE_110_77 is ignored while tracing links for network solver.
     0000000:00:00  TRACE: Link between 24_VE_110_77 and 24_VE_110_79 is ignored while tracing links for network solver.
     0000000:00:00  TRACE: Link between 24_VE_110_79 and 24_VE_110_80 is ignored while tracing links for network solver.
     0000000:00:00  TRACE: Link between 24_VE_110_80 and 24_VE_110_81 is ignored while tracing links for network solver.
     0000000:00:00  TRACE: Link between 24_VE_110_81 and 24_VE_110_82 is ignored while tracing links for network solver.
     0000000:00:00  TRACE: Link between 24_VE_110_82 and 24_VE_110_84 is ignored while tracing links for network solver.
     0000000:00:00  TRACE: Link between 24_VE_110_84 and 24_VE_110_85 is ignored while tracing links for network solver.
     0000000:00:00  TRACE: Link between 24_VE_110_85 and 24_VE_110_86 is ignored while tracing links for network solver.
     0000000:00:00  TRACE: Link between 24_VE_110_86 and 24_VE_110_87 is ignored while tracing links for network solver.
     0000000:00:00  TRACE: Link between 24_VE_110_87 and 24_VE_110_88 is ignored while tracing links for network solver.
     0000000:00:00  TRACE: Link between 24_VE_110_88 and 24_VE_110_90 is ignored while tracing links for network solver.
     0000000:00:00  TRACE: Link between 24_VE_110_90 and 24_VE_110_91 is ignored while tracing links for network solver.
     0000000:00:00  TRACE: Link between 24_VE_110_91 and 24_VE_110_92 is ignored while tracing links for network solver.
     0000000:00:00  TRACE: Link between 24VE110_Vap and 24_VE_110_sump is ignored while tracing links for network solver.
     0000000:00:00  TRACE: Link between 24VE110_Vap and 24_VE_110_01 is ignored while tracing links for network solver.
     0000000:00:00  TRACE: Link between 24VE110_Vap and 24_VE_110_02 is ignored while tracing links for network solver.
     0000000:00:00  TRACE: Link between 24VE110_Vap and 24_VE_110_04 is ignored while tracing links for network solver.
     0000000:00:00  TRACE: Link between 24VE110_Vap and 24_VE_110_05 is ignored while tracing links for network solver.
     0000000:00:00  TRACE: Link between 24VE110_Vap and 24_VE_110_06 is ignored while tracing links for network solver.
     0000000:00:00  TRACE: Link between 24VE110_Vap and 24_VE_110_08 is ignored while tracing links for network solver.
     0000000:00:00  TRACE: Link between 24VE110_Vap and 24_VE_110_09 is ignored while tracing links for network solver.
     0000000:00:00  TRACE: Link between 24VE110_Vap and 24_VE_110_10 is ignored while tracing links for network solver.
     0000000:00:00  TRACE: Link between 24VE110_Vap and 24_VE_110_12 is ignored while tracing links for network solver.
     0000000:00:00  TRACE: Link between 24VE110_Vap and 24_VE_110_13 is ignored while tracing links for network solver.
     0000000:00:00  TRACE: Link between 24VE110_Vap and 24_VE_110_14 is ignored while tracing links for network solver.
     0000000:00:00  TRACE: Link between 24VE110_Vap and 24_VE_110_15 is ignored while tracing links for network solver.
     0000000:00:00  TRACE: Link between 24VE110_Vap and 24_VE_110_16 is ignored while tracing links for network solver.
     0000000:00:00  TRACE: Link between 24VE110_Vap and 24_VE_110_17 is ignored while tracing links for network solver.
     0000000:00:00  TRACE: Link between 24VE110_Vap and 24_VE_110_18 is ignored while tracing links for network solver.
     0000000:00:00  TRACE: Link between 24VE110_Vap and 24_VE_110_19 is ignored while tracing links for network solver.
     0000000:00:00  TRACE: Link between 24VE110_Vap and 24_VE_110_21 is ignored while tracing links for network solver.
     0000000:00:00  TRACE: Link between 24VE110_Vap and 24_VE_110_22 is ignored while tracing links for network solver.
     0000000:00:00  TRACE: Link between 24VE110_Vap and 24_VE_110_24 is ignored while tracing links for network solver.
     0000000:00:00  TRACE: Link between 24VE110_Vap and 24_VE_110_25 is ignored while tracing links for network solver.
     0000000:00:00  TRACE: Link between 24VE110_Vap and 24_VE_110_26 is ignored while tracing links for network solver.
     0000000:00:00  TRACE: Link between 24VE110_Vap and 24_VE_110_28 is ignored while tracing links for network solver.
     0000000:00:00  TRACE: Link between 24VE110_Vap and 24_VE_110_29 is ignored while tracing links for network solver.
     0000000:00:00  TRACE: Link between 24VE110_Vap and 24_VE_110_30 is ignored while tracing links for network solver.
     0000000:00:00  TRACE: Link between 24VE110_Vap and 24_VE_110_32 is ignored while tracing links for network solver.
     0000000:00:00  TRACE: Link between 24VE110_Vap and 24_VE_110_33 is ignored while tracing links for network solver.
     0000000:00:00  TRACE: Link between 24VE110_Vap and 24_VE_110_34 is ignored while tracing links for network solver.
     0000000:00:00  TRACE: Link between 24VE110_Vap and 24_VE_110_35 is ignored while tracing links for network solver.
     0000000:00:00  TRACE: Link between 24VE110_Vap and 24_VE_110_36 is ignored while tracing links for network solver.
     0000000:00:00  TRACE: Link between 24VE110_Vap and 24_VE_110_37 is ignored while tracing links for network solver.
     0000000:00:00  TRACE: Link between 24VE110_Vap and 24_VE_110_38 is ignored while tracing links for network solver.
     0000000:00:00  TRACE: Link between 24VE110_Vap and 24_VE_110_40 is ignored while tracing links for network solver.
     0000000:00:00  TRACE: Link between 24VE110_Vap and 24_VE_110_41 is ignored while tracing links for network solver.
     0000000:00:00  TRACE: Link between 24VE110_Vap and 24_VE_110_43 is ignored while tracing links for network solver.
     0000000:00:00  TRACE: Link between 24VE110_Vap and 24_VE_110_44 is ignored while tracing links for network solver.
     0000000:00:00  TRACE: Link between 24VE110_Vap and 24_VE_110_45 is ignored while tracing links for network solver.
     0000000:00:00  TRACE: Link between 24VE110_Vap and 24_VE_110_46 is ignored while tracing links for network solver.
     0000000:00:00  TRACE: Link between 24VE110_Vap and 24_VE_110_47 is ignored while tracing links for network solver.
     0000000:00:00  TRACE: Link between 24VE110_Vap and 24_VE_110_49 is ignored while tracing links for network solver.
     0000000:00:00  TRACE: Link between 24VE110_Vap and 24_VE_110_50 is ignored while tracing links for network solver.
     0000000:00:00  TRACE: Link between 24VE110_Vap and 24_VE_110_51 is ignored while tracing links for network solver.
     0000000:00:00  TRACE: Link between 24VE110_Vap and 24_VE_110_52 is ignored while tracing links for network solver.
     0000000:00:00  TRACE: Link between 24VE110_Vap and 24_VE_110_54 is ignored while tracing links for network solver.
     0000000:00:00  TRACE: Link between 24VE110_Vap and 24_VE_110_55 is ignored while tracing links for network solver.
     0000000:00:00  TRACE: Link between 24VE110_Vap and 24_VE_110_56 is ignored while tracing links for network solver.
     0000000:00:00  TRACE: Link between 24VE110_Vap and 24_VE_110_57 is ignored while tracing links for network solver.
     0000000:00:00  TRACE: Link between 24VE110_Vap and 24_VE_110_59 is ignored while tracing links for network solver.
     0000000:00:00  TRACE: Link between 24VE110_Vap and 24_VE_110_60 is ignored while tracing links for network solver.
     0000000:00:00  TRACE: Link between 24VE110_Vap and 24_VE_110_61 is ignored while tracing links for network solver.
     0000000:00:00  TRACE: Link between 24VE110_Vap and 24_VE_110_62 is ignored while tracing links for network solver.
     0000000:00:00  TRACE: Link between 24VE110_Vap and 24_VE_110_64 is ignored while tracing links for network solver.
     0000000:00:00  TRACE: Link between 24VE110_Vap and 24_VE_110_65 is ignored while tracing links for network solver.
     0000000:00:00  TRACE: Link between 24VE110_Vap and 24_VE_110_67 is ignored while tracing links for network solver.
     0000000:00:00  TRACE: Link between 24VE110_Vap and 24_VE_110_69 is ignored while tracing links for network solver.
     0000000:00:00  TRACE: Link between 24VE110_Vap and 24_VE_110_70 is ignored while tracing links for network solver.
     0000000:00:00  TRACE: Link between 24VE110_Vap and 24_VE_110_71 is ignored while tracing links for network solver.
     0000000:00:00  TRACE: Link between 24VE110_Vap and 24_VE_110_72 is ignored while tracing links for network solver.
     0000000:00:00  TRACE: Link between 24VE110_Vap and 24_VE_110_73 is ignored while tracing links for network solver.
     0000000:00:00  TRACE: Link between 24VE110_Vap and 24_VE_110_74 is ignored while tracing links for network solver.
     0000000:00:00  TRACE: Link between 24VE110_Vap and 24_VE_110_75 is ignored while tracing links for network solver.
     0000000:00:00  TRACE: Link between 24VE110_Vap and 24_VE_110_76 is ignored while tracing links for network solver.
     0000000:00:00  TRACE: Link between 24VE110_Vap and 24_VE_110_77 is ignored while tracing links for network solver.
     0000000:00:00  TRACE: Link between 24VE110_Vap and 24_VE_110_79 is ignored while tracing links for network solver.
     0000000:00:00  TRACE: Link between 24VE110_Vap and 24_VE_110_80 is ignored while tracing links for network solver.
     0000000:00:00  TRACE: Link between 24VE110_Vap and 24_VE_110_81 is ignored while tracing links for network solver.
     0000000:00:00  TRACE: Link between 24VE110_Vap and 24_VE_110_82 is ignored while tracing links for network solver.
     0000000:00:00  TRACE: Link between 24VE110_Vap and 24_VE_110_84 is ignored while tracing links for network solver.
     0000000:00:00  TRACE: Link between 24VE110_Vap and 24_VE_110_85 is ignored while tracing links for network solver.
     0000000:00:00  TRACE: Link between 24VE110_Vap and 24_VE_110_86 is ignored while tracing links for network solver.
     0000000:00:00  TRACE: Link between 24VE110_Vap and 24_VE_110_87 is ignored while tracing links for network solver.
     0000000:00:00  TRACE: Link between 24VE110_Vap and 24_VE_110_88 is ignored while tracing links for network solver.
     0000000:00:00  TRACE: Link between 24VE110_Vap and 24_VE_110_90 is ignored while tracing links for network solver.
     0000000:00:00  TRACE: Link between 24VE110_Vap and 24_VE_110_91 is ignored while tracing links for network solver.
     0000000:00:00  TRACE: Link between 24VE110_Vap and 24_VE_110_92 is ignored while tracing links for network solver.
     0000000:00:00  TRACE: Link between 24VE110_Lic and 24_VE_110_sump is ignored while tracing links for network solver.
     0000000:00:00  TRACE: Link between 24VE110_Lic and 24_VE_110_01 is ignored while tracing links for network solver.
     0000000:00:00  TRACE: Link between 24VE110_Lic and 24_VE_110_02 is ignored while tracing links for network solver.
     0000000:00:00  TRACE: Link between 24VE110_Lic and 24_VE_110_04 is ignored while tracing links for network solver.
     0000000:00:00  TRACE: Link between 24VE110_Lic and 24_VE_110_05 is ignored while tracing links for network solver.
     0000000:00:00  TRACE: Link between 24VE110_Lic and 24_VE_110_06 is ignored while tracing links for network solver.
     0000000:00:00  TRACE: Link between 24VE110_Lic and 24_VE_110_08 is ignored while tracing links for network solver.
     0000000:00:00  TRACE: Link between 24VE110_Lic and 24_VE_110_09 is ignored while tracing links for network solver.
     0000000:00:00  TRACE: Link between 24VE110_Lic and 24_VE_110_10 is ignored while tracing links for network solver.
     0000000:00:00  TRACE: Link between 24VE110_Lic and 24_VE_110_12 is ignored while tracing links for network solver.
     0000000:00:00  TRACE: Link between 24VE110_Lic and 24_VE_110_13 is ignored while tracing links for network solver.
     0000000:00:00  TRACE: Link between 24VE110_Lic and 24_VE_110_14 is ignored while tracing links for network solver.
     0000000:00:00  TRACE: Link between 24VE110_Lic and 24_VE_110_15 is ignored while tracing links for network solver.
     0000000:00:00  TRACE: Link between 24VE110_Lic and 24_VE_110_16 is ignored while tracing links for network solver.
     0000000:00:00  TRACE: Link between 24VE110_Lic and 24_VE_110_17 is ignored while tracing links for network solver.
     0000000:00:00  TRACE: Link between 24VE110_Lic and 24_VE_110_18 is ignored while tracing links for network solver.
     0000000:00:00  TRACE: Link between 24VE110_Lic and 24_VE_110_19 is ignored while tracing links for network solver.
     0000000:00:00  TRACE: Link between 24VE110_Lic and 24_VE_110_21 is ignored while tracing links for network solver.
     0000000:00:00  TRACE: Link between 24VE110_Lic and 24_VE_110_22 is ignored while tracing links for network solver.
     0000000:00:00  TRACE: Link between 24VE110_Lic and 24_VE_110_24 is ignored while tracing links for network solver.
     0000000:00:00  TRACE: Link between 24VE110_Lic and 24_VE_110_25 is ignored while tracing links for network solver.
     0000000:00:00  TRACE: Link between 24VE110_Lic and 24_VE_110_26 is ignored while tracing links for network solver.
     0000000:00:00  TRACE: Link between 24VE110_Lic and 24_VE_110_28 is ignored while tracing links for network solver.
     0000000:00:00  TRACE: Link between 24VE110_Lic and 24_VE_110_29 is ignored while tracing links for network solver.
     0000000:00:00  TRACE: Link between 24VE110_Lic and 24_VE_110_30 is ignored while tracing links for network solver.
     0000000:00:00  TRACE: Link between 24VE110_Lic and 24_VE_110_32 is ignored while tracing links for network solver.
     0000000:00:00  TRACE: Link between 24VE110_Lic and 24_VE_110_33 is ignored while tracing links for network solver.
     0000000:00:00  TRACE: Link between 24VE110_Lic and 24_VE_110_34 is ignored while tracing links for network solver.
     0000000:00:00  TRACE: Link between 24VE110_Lic and 24_VE_110_35 is ignored while tracing links for network solver.
     0000000:00:00  TRACE: Link between 24VE110_Lic and 24_VE_110_36 is ignored while tracing links for network solver.
     0000000:00:00  TRACE: Link between 24VE110_Lic and 24_VE_110_37 is ignored while tracing links for network solver.
     0000000:00:00  TRACE: Link between 24VE110_Lic and 24_VE_110_38 is ignored while tracing links for network solver.
     0000000:00:00  TRACE: Link between 24VE110_Lic and 24_VE_110_40 is ignored while tracing links for network solver.
     0000000:00:00  TRACE: Link between 24VE110_Lic and 24_VE_110_41 is ignored while tracing links for network solver.
     0000000:00:00  TRACE: Link between 24VE110_Lic and 24_VE_110_43 is ignored while tracing links for network solver.
     0000000:00:00  TRACE: Link between 24VE110_Lic and 24_VE_110_44 is ignored while tracing links for network solver.
     0000000:00:00  TRACE: Link between 24VE110_Lic and 24_VE_110_45 is ignored while tracing links for network solver.
     0000000:00:00  TRACE: Link between 24VE110_Lic and 24_VE_110_46 is ignored while tracing links for network solver.
     0000000:00:00  TRACE: Link between 24VE110_Lic and 24_VE_110_47 is ignored while tracing links for network solver.
     0000000:00:00  TRACE: Link between 24VE110_Lic and 24_VE_110_49 is ignored while tracing links for network solver.
     0000000:00:00  TRACE: Link between 24VE110_Lic and 24_VE_110_50 is ignored while tracing links for network solver.
     0000000:00:00  TRACE: Link between 24VE110_Lic and 24_VE_110_51 is ignored while tracing links for network solver.
     0000000:00:00  TRACE: Link between 24VE110_Lic and 24_VE_110_52 is ignored while tracing links for network solver.
     0000000:00:00  TRACE: Link between 24VE110_Lic and 24_VE_110_54 is ignored while tracing links for network solver.
     0000000:00:00  TRACE: Link between 24VE110_Lic and 24_VE_110_55 is ignored while tracing links for network solver.
     0000000:00:00  TRACE: Link between 24VE110_Lic and 24_VE_110_56 is ignored while tracing links for network solver.
     0000000:00:00  TRACE: Link between 24VE110_Lic and 24_VE_110_57 is ignored while tracing links for network solver.
     0000000:00:00  TRACE: Link between 24VE110_Lic and 24_VE_110_59 is ignored while tracing links for network solver.
     0000000:00:00  TRACE: Link between 24VE110_Lic and 24_VE_110_60 is ignored while tracing links for network solver.
     0000000:00:00  TRACE: Link between 24VE110_Lic and 24_VE_110_61 is ignored while tracing links for network solver.
     0000000:00:00  TRACE: Link between 24VE110_Lic and 24_VE_110_62 is ignored while tracing links for network solver.
     0000000:00:00  TRACE: Link between 24VE110_Lic and 24_VE_110_64 is ignored while tracing links for network solver.
     0000000:00:00  TRACE: Link between 24VE110_Lic and 24_VE_110_65 is ignored while tracing links for network solver.
     0000000:00:00  TRACE: Link between 24VE110_Lic and 24_VE_110_67 is ignored while tracing links for network solver.
     0000000:00:00  TRACE: Link between 24VE110_Lic and 24_VE_110_69 is ignored while tracing links for network solver.
     0000000:00:00  TRACE: Link between 24VE110_Lic and 24_VE_110_70 is ignored while tracing links for network solver.
     0000000:00:00  TRACE: Link between 24VE110_Lic and 24_VE_110_71 is ignored while tracing links for network solver.
     0000000:00:00  TRACE: Link between 24VE110_Lic and 24_VE_110_72 is ignored while tracing links for network solver.
     0000000:00:00  TRACE: Link between 24VE110_Lic and 24_VE_110_73 is ignored while tracing links for network solver.
     0000000:00:00  TRACE: Link between 24VE110_Lic and 24_VE_110_74 is ignored while tracing links for network solver.
     0000000:00:00  TRACE: Link between 24VE110_Lic and 24_VE_110_75 is ignored while tracing links for network solver.
     0000000:00:00  TRACE: Link between 24VE110_Lic and 24_VE_110_76 is ignored while tracing links for network solver.
     0000000:00:00  TRACE: Link between 24VE110_Lic and 24_VE_110_77 is ignored while tracing links for network solver.
     0000000:00:00  TRACE: Link between 24VE110_Lic and 24_VE_110_79 is ignored while tracing links for network solver.
     0000000:00:00  TRACE: Link between 24VE110_Lic and 24_VE_110_80 is ignored while tracing links for network solver.
     0000000:00:00  TRACE: Link between 24VE110_Lic and 24_VE_110_81 is ignored while tracing links for network solver.
     0000000:00:00  TRACE: Link between 24VE110_Lic and 24_VE_110_82 is ignored while tracing links for network solver.
     0000000:00:00  TRACE: Link between 24VE110_Lic and 24_VE_110_84 is ignored while tracing links for network solver.
     0000000:00:00  TRACE: Link between 24VE110_Lic and 24_VE_110_85 is ignored while tracing links for network solver.
     0000000:00:00  TRACE: Link between 24VE110_Lic and 24_VE_110_86 is ignored while tracing links for network solver.
     0000000:00:00  TRACE: Link between 24VE110_Lic and 24_VE_110_87 is ignored while tracing links for network solver.
     0000000:00:00  TRACE: Link between 24VE110_Lic and 24_VE_110_88 is ignored while tracing links for network solver.
     0000000:00:00  TRACE: Link between 24VE110_Lic and 24_VE_110_90 is ignored while tracing links for network solver.
     0000000:00:00  TRACE: Link between 24VE110_Lic and 24_VE_110_91 is ignored while tracing links for network solver.
     0000000:00:00  TRACE: Link between 24VE110_Lic and 24_VE_110_92 is ignored while tracing links for network solver.
     0000000:00:00  INFO: Model polling time set to 0.01 seconds.
     0000000:00:00  WARNING: The trend polling times are not consistent with block execution times.
     0000000:00:00  TRACE: Model Initialization. Time elapsed: 1,296 ms.
     0000000:00:00  PROGRESS: Model initialisation Complete.
     0000001:08:04  INFO: ******* Shutdown of ModelServer at 2020-03-03 18:42:21 *******
     0000000:00:00  TRACE: Reading file Z:\Prosjekt\TTK4210\ButaneSplitter\Timelines\ButaneSplitter\Applications\ProcessModel\ButaneSplitter.mdl.
     0000000:00:00  INFO: Loading the available thermo packages.
     0000000:00:00  INFO: The thermo package "ThermoTable" has been loaded.
     0000000:00:00  TRACE: Z:\Prosjekt\TTK4210\ButaneSplitter\Timelines\ButaneSplitter\Applications\ProcessModel\ButaneSplitter.mdl. Time elapsed: 592 ms.
     0000000:00:00  INFO: Using user's trend definition settings.
     0000000:00:00  INFO: Removing empty file : pictures.def.
     0000000:00:00  WARNING: The trend polling times are not consistent with block execution times.
     0000000:00:00  INFO: Model polling time set to 0.01 seconds.
     0000000:00:00  TRACE: Reading file Z:\Prosjekt\TTK4210\ButaneSplitter\Timelines\ButaneSplitter\Applications\ProcessModel\ButaneSplitter.prm.
     0000000:00:00  TRACE: Z:\Prosjekt\TTK4210\ButaneSplitter\Timelines\ButaneSplitter\Applications\ProcessModel\ButaneSplitter.prm. Time elapsed: 165 ms.
     0000000:00:00  TRACE: Reading file Z:\Prosjekt\TTK4210\ButaneSplitter\Timelines\ButaneSplitter\Applications\ProcessModel\ButaneSplitter.val.
     0000000:00:00  INFO: Connecting 372 blocks.
     0000000:00:00  TRACE: Z:\Prosjekt\TTK4210\ButaneSplitter\Timelines\ButaneSplitter\Applications\ProcessModel\ButaneSplitter.val. Time elapsed: 785 ms.
     0000000:00:00  TRACE: Reading file Z:\Prosjekt\TTK4210\ButaneSplitter\Timelines\ButaneSplitter\Applications\ProcessModel\ButaneSplitter.mdl.
     0000000:00:00  INFO: Loading the available thermo packages.
     0000000:00:00  INFO: The thermo package "ThermoTable" has been loaded.
     0000000:00:00  TRACE: Z:\Prosjekt\TTK4210\ButaneSplitter\Timelines\ButaneSplitter\Applications\ProcessModel\ButaneSplitter.mdl. Time elapsed: 225 ms.
     0000000:00:00  INFO: Using user's trend definition settings.
     0000000:00:00  INFO: Removing empty file : pictures.def.
     0000000:00:00  WARNING: The trend polling times are not consistent with block execution times.
     0000000:00:00  INFO: Model polling time set to 0.01 seconds.
     0000000:00:00  TRACE: Reading file Z:\Prosjekt\TTK4210\ButaneSplitter\Timelines\ButaneSplitter\Applications\ProcessModel\ButaneSplitter.prm.
     0000000:00:00  TRACE: Z:\Prosjekt\TTK4210\ButaneSplitter\Timelines\ButaneSplitter\Applications\ProcessModel\ButaneSplitter.prm. Time elapsed: 253 ms.
     0000000:00:00  TRACE: Reading file Z:\Prosjekt\TTK4210\ButaneSplitter\Timelines\ButaneSplitter\Applications\ProcessModel\ButaneSplitter.val.
     0000000:00:00  INFO: Connecting 372 blocks.
     0000000:00:00  TRACE: Z:\Prosjekt\TTK4210\ButaneSplitter\Timelines\ButaneSplitter\Applications\ProcessModel\ButaneSplitter.val. Time elapsed: 1,322 ms.
     0000000:00:00  INFO: ******* Shutdown of ModelServer at 2020-03-08 14:35:57 *******
